0 info it worked if it ends with ok
1 verbose cli [ '/usr/local/Cellar/node/6.3.1/bin/node',
1 verbose cli   '/usr/local/bin/npm',
1 verbose cli   'install',
1 verbose cli   'canvas' ]
2 info using npm@3.10.3
3 info using node@v6.3.1
4 silly loadCurrentTree Starting
5 silly install loadCurrentTree
6 silly install readLocalPackageData
7 silly fetchPackageMetaData canvas
8 silly fetchNamedPackageData canvas
9 silly mapToRegistry name canvas
10 silly mapToRegistry using default registry
11 silly mapToRegistry registry https://registry.npmjs.org/
12 silly mapToRegistry data Result {
12 silly mapToRegistry   raw: 'canvas',
12 silly mapToRegistry   scope: null,
12 silly mapToRegistry   escapedName: 'canvas',
12 silly mapToRegistry   name: 'canvas',
12 silly mapToRegistry   rawSpec: '',
12 silly mapToRegistry   spec: 'latest',
12 silly mapToRegistry   type: 'tag' }
13 silly mapToRegistry uri https://registry.npmjs.org/canvas
14 verbose request uri https://registry.npmjs.org/canvas
15 verbose request no auth needed
16 info attempt registry request try #1 at 6:59:27 PM
17 verbose request id f908b97313091a12
18 verbose etag W/"5840247d-1e475"
19 verbose lastModified Thu, 01 Dec 2016 13:24:13 GMT
20 http request GET https://registry.npmjs.org/canvas
21 http 304 https://registry.npmjs.org/canvas
22 verbose headers { date: 'Wed, 11 Jan 2017 02:59:27 GMT',
22 verbose headers   via: '1.1 varnish',
22 verbose headers   'cache-control': 'max-age=300',
22 verbose headers   etag: 'W/"5840247d-1e475"',
22 verbose headers   age: '0',
22 verbose headers   connection: 'keep-alive',
22 verbose headers   'x-served-by': 'cache-lax8642-LAX',
22 verbose headers   'x-cache': 'HIT',
22 verbose headers   'x-cache-hits': '1',
22 verbose headers   'x-timer': 'S1484103567.575439,VS0,VE35',
22 verbose headers   vary: 'Accept-Encoding' }
23 silly get cb [ 304,
23 silly get   { date: 'Wed, 11 Jan 2017 02:59:27 GMT',
23 silly get     via: '1.1 varnish',
23 silly get     'cache-control': 'max-age=300',
23 silly get     etag: 'W/"5840247d-1e475"',
23 silly get     age: '0',
23 silly get     connection: 'keep-alive',
23 silly get     'x-served-by': 'cache-lax8642-LAX',
23 silly get     'x-cache': 'HIT',
23 silly get     'x-cache-hits': '1',
23 silly get     'x-timer': 'S1484103567.575439,VS0,VE35',
23 silly get     vary: 'Accept-Encoding' } ]
24 verbose etag https://registry.npmjs.org/canvas from cache
25 verbose get saving canvas to /Users/alexkarevoll/.npm/registry.npmjs.org/canvas/.cache.json
26 verbose correctMkdir /Users/alexkarevoll/.npm correctMkdir not in flight; initializing
27 silly install normalizeTree
28 silly loadCurrentTree Finishing
29 silly loadIdealTree Starting
30 silly install loadIdealTree
31 silly cloneCurrentTree Starting
32 silly install cloneCurrentTreeToIdealTree
33 silly cloneCurrentTree Finishing
34 silly loadShrinkwrap Starting
35 silly install loadShrinkwrap
36 silly loadShrinkwrap Finishing
37 silly loadAllDepsIntoIdealTree Starting
38 silly install loadAllDepsIntoIdealTree
39 silly resolveWithNewModule canvas@1.6.2 checking installable status
40 silly cache add args [ 'canvas', null ]
41 verbose cache add spec canvas
42 silly cache add parsed spec Result {
42 silly cache add   raw: 'canvas',
42 silly cache add   scope: null,
42 silly cache add   escapedName: 'canvas',
42 silly cache add   name: 'canvas',
42 silly cache add   rawSpec: '',
42 silly cache add   spec: 'latest',
42 silly cache add   type: 'tag' }
43 silly addNamed canvas@latest
44 verbose addNamed "latest" is being treated as a dist-tag for canvas
45 info addNameTag [ 'canvas', 'latest' ]
46 silly mapToRegistry name canvas
47 silly mapToRegistry using default registry
48 silly mapToRegistry registry https://registry.npmjs.org/
49 silly mapToRegistry data Result {
49 silly mapToRegistry   raw: 'canvas',
49 silly mapToRegistry   scope: null,
49 silly mapToRegistry   escapedName: 'canvas',
49 silly mapToRegistry   name: 'canvas',
49 silly mapToRegistry   rawSpec: '',
49 silly mapToRegistry   spec: 'latest',
49 silly mapToRegistry   type: 'tag' }
50 silly mapToRegistry uri https://registry.npmjs.org/canvas
51 verbose addNameTag registry:https://registry.npmjs.org/canvas not in flight; fetching
52 verbose get https://registry.npmjs.org/canvas not expired, no request
53 silly addNameTag next cb for canvas with tag latest
54 silly addNamed canvas@1.6.2
55 verbose addNamed "1.6.2" is a plain semver version for canvas
56 silly cache afterAdd canvas@1.6.2
57 verbose afterAdd /Users/alexkarevoll/.npm/canvas/1.6.2/package/package.json not in flight; writing
58 verbose correctMkdir /Users/alexkarevoll/.npm correctMkdir not in flight; initializing
59 verbose afterAdd /Users/alexkarevoll/.npm/canvas/1.6.2/package/package.json written
60 silly loadAllDepsIntoIdealTree Finishing
61 silly loadIdealTree Finishing
62 silly currentTree myproducer@
62 silly currentTree ├── abab@1.0.3
62 silly currentTree ├── abbrev@1.0.9
62 silly currentTree ├── accepts@1.3.3
62 silly currentTree ├── acorn-globals@1.0.9
62 silly currentTree ├── acorn@2.7.0
62 silly currentTree ├── addressparser@1.0.1
62 silly currentTree ├── after@0.8.1
62 silly currentTree ├── align-text@0.1.4
62 silly currentTree ├── amdefine@1.0.1
62 silly currentTree ├── ansi-regex@2.0.0
62 silly currentTree ├── ansi-styles@2.2.1
62 silly currentTree ├── anymatch@1.3.0
62 silly currentTree ├── aproba@1.0.4
62 silly currentTree ├── archy@1.0.0
62 silly currentTree ├── are-we-there-yet@1.1.2
62 silly currentTree ├── arr-diff@2.0.0
62 silly currentTree ├── arr-flatten@1.0.1
62 silly currentTree ├── array-differ@1.0.0
62 silly currentTree ├── array-find-index@1.0.2
62 silly currentTree ├── array-flatten@1.1.1
62 silly currentTree ├── array-index@1.0.0
62 silly currentTree ├── array-uniq@1.0.3
62 silly currentTree ├── array-unique@0.2.1
62 silly currentTree ├── arraybuffer.slice@0.0.6
62 silly currentTree ├── arrify@1.0.1
62 silly currentTree ├── asn1@0.1.11
62 silly currentTree ├── assert-plus@0.1.5
62 silly currentTree ├── async-each-series@0.1.1
62 silly currentTree ├── async-each@1.0.1
62 silly currentTree ├── async-foreach@0.1.3
62 silly currentTree ├── async@2.0.1
62 silly currentTree ├── aws-sign2@0.6.0
62 silly currentTree ├── backo2@1.0.2
62 silly currentTree ├── balanced-match@0.4.2
62 silly currentTree ├── base64-arraybuffer@0.1.5
62 silly currentTree ├── base64-url@1.3.2
62 silly currentTree ├── base64id@0.1.0
62 silly currentTree ├── basic-auth@1.0.4
62 silly currentTree ├── batch@0.5.3
62 silly currentTree ├── bcrypt-nodejs@0.0.3
62 silly currentTree ├── beeper@1.1.1
62 silly currentTree ├── benchmark@1.0.0
62 silly currentTree ├── better-assert@1.0.2
62 silly currentTree ├── binary-extensions@1.8.0
62 silly currentTree ├─┬ bl@1.0.3
62 silly currentTree │ └── readable-stream@2.0.6
62 silly currentTree ├── blob@0.0.4
62 silly currentTree ├── block-stream@0.0.9
62 silly currentTree ├── bluebird@2.10.2
62 silly currentTree ├── body-parser@1.15.2
62 silly currentTree ├── boolbase@1.0.0
62 silly currentTree ├── boom@2.10.1
62 silly currentTree ├── brace-expansion@1.1.6
62 silly currentTree ├── braces@1.8.5
62 silly currentTree ├── browser-sync-client@2.4.3
62 silly currentTree ├── browser-sync-ui@0.6.1
62 silly currentTree ├─┬ browser-sync@2.18.2
62 silly currentTree │ └── qs@6.2.1
62 silly currentTree ├── bs-recipes@1.3.2
62 silly currentTree ├── bson@0.5.6
62 silly currentTree ├── buffer-shims@1.0.0
62 silly currentTree ├── buildmail@4.0.0
62 silly currentTree ├── builtin-modules@1.1.1
62 silly currentTree ├── bytes@2.4.0
62 silly currentTree ├── callsite@1.0.0
62 silly currentTree ├─┬ camelcase-keys@2.1.0
62 silly currentTree │ └── camelcase@2.1.1
62 silly currentTree ├── camelcase@1.2.1
62 silly currentTree ├── caseless@0.11.0
62 silly currentTree ├── center-align@0.1.3
62 silly currentTree ├── chalk@1.1.3
62 silly currentTree ├── cheerio@0.20.0
62 silly currentTree ├── chokidar@1.6.0
62 silly currentTree ├─┬ clean-css@1.1.7
62 silly currentTree │ └── commander@2.0.0
62 silly currentTree ├── cli-color@0.3.3
62 silly currentTree ├── cliui@3.2.0
62 silly currentTree ├── clone-buffer@1.0.0
62 silly currentTree ├── clone-stats@0.0.1
62 silly currentTree ├── clone@1.0.2
62 silly currentTree ├── cloneable-readable@1.0.0
62 silly currentTree ├── code-point-at@1.1.0
62 silly currentTree ├── colors@1.1.2
62 silly currentTree ├── combined-stream@1.0.5
62 silly currentTree ├── commander@2.9.0
62 silly currentTree ├── component-bind@1.0.0
62 silly currentTree ├── component-emitter@1.1.2
62 silly currentTree ├── component-inherit@0.0.3
62 silly currentTree ├── concat-map@0.0.1
62 silly currentTree ├── concat-with-sourcemaps@1.0.4
62 silly currentTree ├─┬ configstore@1.4.0
62 silly currentTree │ ├── minimist@0.0.8
62 silly currentTree │ └── mkdirp@0.5.1
62 silly currentTree ├── connect-history-api-fallback@1.3.0
62 silly currentTree ├─┬ connect-mongo@1.3.2
62 silly currentTree │ └── bluebird@3.4.6
62 silly currentTree ├── connect@3.5.0
62 silly currentTree ├── console-control-strings@1.1.0
62 silly currentTree ├─┬ consolidate@0.14.5
62 silly currentTree │ └── bluebird@3.4.6
62 silly currentTree ├── content-disposition@0.5.1
62 silly currentTree ├── content-type@1.0.2
62 silly currentTree ├── cookie-parser@1.4.3
62 silly currentTree ├── cookie-signature@1.0.6
62 silly currentTree ├── cookie@0.3.1
62 silly currentTree ├── core-util-is@1.0.2
62 silly currentTree ├── crc@3.4.0
62 silly currentTree ├─┬ cross-spawn-async@2.2.5
62 silly currentTree │ └── lru-cache@4.0.2
62 silly currentTree ├─┬ cross-spawn@3.0.1
62 silly currentTree │ └── lru-cache@4.0.2
62 silly currentTree ├── cryptiles@2.0.5
62 silly currentTree ├── css-select@1.2.0
62 silly currentTree ├── css-what@2.1.0
62 silly currentTree ├── cssom@0.3.1
62 silly currentTree ├── cssstyle@0.2.37
62 silly currentTree ├── ctype@0.5.3
62 silly currentTree ├── currently-unhandled@0.4.1
62 silly currentTree ├── d@0.1.1
62 silly currentTree ├── datauri@0.2.1
62 silly currentTree ├── dateformat@1.0.12
62 silly currentTree ├── debug@2.2.0
62 silly currentTree ├── decamelize@1.2.0
62 silly currentTree ├── deep-extend@0.4.1
62 silly currentTree ├── deep-is@0.1.3
62 silly currentTree ├── defaults@1.0.3
62 silly currentTree ├── delayed-stream@1.0.0
62 silly currentTree ├── delegates@1.0.0
62 silly currentTree ├── depd@1.1.0
62 silly currentTree ├── deprecated@0.0.1
62 silly currentTree ├── destroy@1.0.4
62 silly currentTree ├── detect-file@0.1.0
62 silly currentTree ├── dev-ip@1.0.1
62 silly currentTree ├─┬ dom-serializer@0.1.0
62 silly currentTree │ └── domelementtype@1.1.3
62 silly currentTree ├── domelementtype@1.3.0
62 silly currentTree ├── domhandler@2.3.0
62 silly currentTree ├── domutils@1.5.1
62 silly currentTree ├── dotenv@2.0.0
62 silly currentTree ├── duplexer@0.1.1
62 silly currentTree ├─┬ duplexer2@0.0.2
62 silly currentTree │ ├── isarray@0.0.1
62 silly currentTree │ └── readable-stream@1.1.14
62 silly currentTree ├─┬ duplexify@3.5.0
62 silly currentTree │ ├── end-of-stream@1.0.0
62 silly currentTree │ └── once@1.3.3
62 silly currentTree ├─┬ easy-extender@2.3.2
62 silly currentTree │ └── lodash@3.10.1
62 silly currentTree ├── eazy-logger@3.0.2
62 silly currentTree ├── ee-first@1.1.1
62 silly currentTree ├── ejs@2.5.5
62 silly currentTree ├─┬ email-templates@2.5.4
62 silly currentTree │ ├── bluebird@3.4.6
62 silly currentTree │ └── glob@6.0.4
62 silly currentTree ├── emitter-steward@1.0.0
62 silly currentTree ├── encodeurl@1.0.1
62 silly currentTree ├─┬ end-of-stream@0.1.5
62 silly currentTree │ └── once@1.3.3
62 silly currentTree ├── engine.io-client@1.7.0
62 silly currentTree ├─┬ engine.io-parser@1.3.0
62 silly currentTree │ ├── has-binary@0.1.6
62 silly currentTree │ └── isarray@0.0.1
62 silly currentTree ├── engine.io@1.7.0
62 silly currentTree ├── entities@1.1.1
62 silly currentTree ├── error-ex@1.3.0
62 silly currentTree ├── es5-ext@0.10.12
62 silly currentTree ├── es6-iterator@2.0.0
62 silly currentTree ├── es6-promise@3.2.1
62 silly currentTree ├── es6-symbol@3.1.0
62 silly currentTree ├─┬ es6-weak-map@0.1.4
62 silly currentTree │ ├── es6-iterator@0.1.3
62 silly currentTree │ └── es6-symbol@2.0.1
62 silly currentTree ├── escape-html@1.0.3
62 silly currentTree ├── escape-string-regexp@1.0.5
62 silly currentTree ├─┬ escodegen@1.8.1
62 silly currentTree │ └── source-map@0.2.0
62 silly currentTree ├── esprima@2.7.3
62 silly currentTree ├── estraverse@1.9.3
62 silly currentTree ├── esutils@2.0.2
62 silly currentTree ├── etag@1.7.0
62 silly currentTree ├── event-emitter@0.3.4
62 silly currentTree ├── event-stream@3.3.4
62 silly currentTree ├── eventemitter3@1.2.0
62 silly currentTree ├── expand-brackets@0.1.5
62 silly currentTree ├── expand-range@1.8.2
62 silly currentTree ├── expand-tilde@1.2.2
62 silly currentTree ├── express-session@1.14.1
62 silly currentTree ├── express@4.14.0
62 silly currentTree ├── extend@3.0.0
62 silly currentTree ├── extglob@0.3.2
62 silly currentTree ├── fancy-log@1.2.0
62 silly currentTree ├── fast-levenshtein@2.0.5
62 silly currentTree ├── filename-regex@2.0.0
62 silly currentTree ├── fill-range@2.2.3
62 silly currentTree ├── finalhandler@0.5.0
62 silly currentTree ├── find-index@0.1.1
62 silly currentTree ├── find-up@1.1.2
62 silly currentTree ├── findup-sync@0.4.3
62 silly currentTree ├── fined@1.0.2
62 silly currentTree ├── first-chunk-stream@1.0.0
62 silly currentTree ├── flagged-respawn@0.3.2
62 silly currentTree ├── for-in@0.1.6
62 silly currentTree ├── for-own@0.1.4
62 silly currentTree ├── forever-agent@0.6.1
62 silly currentTree ├── form-data@1.0.1
62 silly currentTree ├── formidable@1.0.17
62 silly currentTree ├── forwarded@0.1.0
62 silly currentTree ├── fresh@0.3.0
62 silly currentTree ├── from@0.1.3
62 silly currentTree ├── fs-exists-sync@0.1.0
62 silly currentTree ├── fs-extra@0.30.0
62 silly currentTree ├── fs.realpath@1.0.0
62 silly currentTree ├─┬ fsevents@1.0.15
62 silly currentTree │ ├── abbrev@1.0.9
62 silly currentTree │ ├── ansi-regex@2.0.0
62 silly currentTree │ ├── ansi-styles@2.2.1
62 silly currentTree │ ├── aproba@1.0.4
62 silly currentTree │ ├── are-we-there-yet@1.1.2
62 silly currentTree │ ├── asn1@0.2.3
62 silly currentTree │ ├── assert-plus@0.2.0
62 silly currentTree │ ├── async@1.5.2
62 silly currentTree │ ├── aws-sign2@0.6.0
62 silly currentTree │ ├── aws4@1.4.1
62 silly currentTree │ ├── balanced-match@0.4.2
62 silly currentTree │ ├─┬ bl@1.1.2
62 silly currentTree │ │ └── readable-stream@2.0.6
62 silly currentTree │ ├── block-stream@0.0.9
62 silly currentTree │ ├── boom@2.10.1
62 silly currentTree │ ├── brace-expansion@1.1.5
62 silly currentTree │ ├── buffer-shims@1.0.0
62 silly currentTree │ ├── caseless@0.11.0
62 silly currentTree │ ├── chalk@1.1.3
62 silly currentTree │ ├── code-point-at@1.0.0
62 silly currentTree │ ├── combined-stream@1.0.5
62 silly currentTree │ ├── commander@2.9.0
62 silly currentTree │ ├── concat-map@0.0.1
62 silly currentTree │ ├── console-control-strings@1.1.0
62 silly currentTree │ ├── core-util-is@1.0.2
62 silly currentTree │ ├── cryptiles@2.0.5
62 silly currentTree │ ├─┬ dashdash@1.14.0
62 silly currentTree │ │ └── assert-plus@1.0.0
62 silly currentTree │ ├── debug@2.2.0
62 silly currentTree │ ├── deep-extend@0.4.1
62 silly currentTree │ ├── delayed-stream@1.0.0
62 silly currentTree │ ├── delegates@1.0.0
62 silly currentTree │ ├── ecc-jsbn@0.1.1
62 silly currentTree │ ├── escape-string-regexp@1.0.5
62 silly currentTree │ ├── extend@3.0.0
62 silly currentTree │ ├── extsprintf@1.0.2
62 silly currentTree │ ├── forever-agent@0.6.1
62 silly currentTree │ ├── form-data@1.0.0-rc4
62 silly currentTree │ ├── fs.realpath@1.0.0
62 silly currentTree │ ├── fstream-ignore@1.0.5
62 silly currentTree │ ├── fstream@1.0.10
62 silly currentTree │ ├── gauge@2.6.0
62 silly currentTree │ ├── generate-function@2.0.0
62 silly currentTree │ ├── generate-object-property@1.2.0
62 silly currentTree │ ├─┬ getpass@0.1.6
62 silly currentTree │ │ └── assert-plus@1.0.0
62 silly currentTree │ ├── glob@7.0.5
62 silly currentTree │ ├── graceful-fs@4.1.4
62 silly currentTree │ ├── graceful-readlink@1.0.1
62 silly currentTree │ ├── har-validator@2.0.6
62 silly currentTree │ ├── has-ansi@2.0.0
62 silly currentTree │ ├── has-color@0.1.7
62 silly currentTree │ ├── has-unicode@2.0.1
62 silly currentTree │ ├── hawk@3.1.3
62 silly currentTree │ ├── hoek@2.16.3
62 silly currentTree │ ├── http-signature@1.1.1
62 silly currentTree │ ├── inflight@1.0.5
62 silly currentTree │ ├── inherits@2.0.1
62 silly currentTree │ ├── ini@1.3.4
62 silly currentTree │ ├── is-fullwidth-code-point@1.0.0
62 silly currentTree │ ├── is-my-json-valid@2.13.1
62 silly currentTree │ ├── is-property@1.0.2
62 silly currentTree │ ├── is-typedarray@1.0.0
62 silly currentTree │ ├── isarray@1.0.0
62 silly currentTree │ ├── isstream@0.1.2
62 silly currentTree │ ├── jodid25519@1.0.2
62 silly currentTree │ ├── jsbn@0.1.0
62 silly currentTree │ ├── json-schema@0.2.2
62 silly currentTree │ ├── json-stringify-safe@5.0.1
62 silly currentTree │ ├── jsonpointer@2.0.0
62 silly currentTree │ ├── jsprim@1.3.0
62 silly currentTree │ ├── mime-db@1.23.0
62 silly currentTree │ ├── mime-types@2.1.11
62 silly currentTree │ ├── minimatch@3.0.2
62 silly currentTree │ ├── minimist@0.0.8
62 silly currentTree │ ├── mkdirp@0.5.1
62 silly currentTree │ ├── ms@0.7.1
62 silly currentTree │ ├── node-pre-gyp@0.6.29
62 silly currentTree │ ├── node-uuid@1.4.7
62 silly currentTree │ ├── nopt@3.0.6
62 silly currentTree │ ├── npmlog@3.1.2
62 silly currentTree │ ├── number-is-nan@1.0.0
62 silly currentTree │ ├── oauth-sign@0.8.2
62 silly currentTree │ ├── object-assign@4.1.0
62 silly currentTree │ ├── once@1.3.3
62 silly currentTree │ ├── path-is-absolute@1.0.0
62 silly currentTree │ ├── pinkie-promise@2.0.1
62 silly currentTree │ ├── pinkie@2.0.4
62 silly currentTree │ ├── process-nextick-args@1.0.7
62 silly currentTree │ ├── qs@6.2.0
62 silly currentTree │ ├─┬ rc@1.1.6
62 silly currentTree │ │ └── minimist@1.2.0
62 silly currentTree │ ├── readable-stream@2.1.4
62 silly currentTree │ ├── request@2.73.0
62 silly currentTree │ ├── rimraf@2.5.3
62 silly currentTree │ ├── semver@5.2.0
62 silly currentTree │ ├── set-blocking@2.0.0
62 silly currentTree │ ├── signal-exit@3.0.0
62 silly currentTree │ ├── sntp@1.0.9
62 silly currentTree │ ├─┬ sshpk@1.8.3
62 silly currentTree │ │ └── assert-plus@1.0.0
62 silly currentTree │ ├── string_decoder@0.10.31
62 silly currentTree │ ├── string-width@1.0.1
62 silly currentTree │ ├── stringstream@0.0.5
62 silly currentTree │ ├── strip-ansi@3.0.1
62 silly currentTree │ ├── strip-json-comments@1.0.4
62 silly currentTree │ ├── supports-color@2.0.0
62 silly currentTree │ ├── tar-pack@3.1.4
62 silly currentTree │ ├── tar@2.2.1
62 silly currentTree │ ├── tough-cookie@2.2.2
62 silly currentTree │ ├── tunnel-agent@0.4.3
62 silly currentTree │ ├── tweetnacl@0.13.3
62 silly currentTree │ ├── uid-number@0.0.6
62 silly currentTree │ ├── util-deprecate@1.0.2
62 silly currentTree │ ├── verror@1.3.6
62 silly currentTree │ ├── wide-align@1.1.0
62 silly currentTree │ ├── wrappy@1.0.2
62 silly currentTree │ └── xtend@4.0.1
62 silly currentTree ├─┬ fstream@1.0.10
62 silly currentTree │ ├── minimist@0.0.8
62 silly currentTree │ └── mkdirp@0.5.1
62 silly currentTree ├── gauge@2.6.0
62 silly currentTree ├── gaze@0.5.2
62 silly currentTree ├── generate-function@2.0.0
62 silly currentTree ├── generate-object-property@1.2.0
62 silly currentTree ├── generaterr@1.5.0
62 silly currentTree ├── get-caller-file@1.0.2
62 silly currentTree ├── get-stdin@4.0.1
62 silly currentTree ├── glob-base@0.3.0
62 silly currentTree ├── glob-parent@2.0.0
62 silly currentTree ├─┬ glob-stream@3.1.18
62 silly currentTree │ ├── glob@4.5.3
62 silly currentTree │ ├── isarray@0.0.1
62 silly currentTree │ ├── minimatch@2.0.10
62 silly currentTree │ ├── readable-stream@1.0.34
62 silly currentTree │ └── through2@0.6.5
62 silly currentTree ├── glob-watcher@0.0.6
62 silly currentTree ├── glob@7.1.1
62 silly currentTree ├── glob2base@0.0.12
62 silly currentTree ├── global-modules@0.2.3
62 silly currentTree ├── global-prefix@0.1.5
62 silly currentTree ├─┬ globule@0.1.0
62 silly currentTree │ ├── glob@3.1.21
62 silly currentTree │ ├── graceful-fs@1.2.3
62 silly currentTree │ ├── inherits@1.0.2
62 silly currentTree │ ├── lodash@1.0.2
62 silly currentTree │ └── minimatch@0.2.14
62 silly currentTree ├── glogg@1.0.0
62 silly currentTree ├─┬ got@3.3.1
62 silly currentTree │ └── object-assign@3.0.0
62 silly currentTree ├── graceful-fs@4.1.11
62 silly currentTree ├── graceful-readlink@1.0.1
62 silly currentTree ├─┬ gulp-concat@2.6.1
62 silly currentTree │ ├── clone-stats@1.0.0
62 silly currentTree │ ├── replace-ext@1.0.0
62 silly currentTree │ └── vinyl@2.0.1
62 silly currentTree ├─┬ gulp-minify@0.0.14
62 silly currentTree │ ├── ansi-regex@0.2.1
62 silly currentTree │ ├── ansi-styles@1.1.0
62 silly currentTree │ ├── chalk@0.5.1
62 silly currentTree │ ├─┬ gulp-util@2.2.20
62 silly currentTree │ │ └── through2@0.5.1
62 silly currentTree │ ├── has-ansi@0.1.0
62 silly currentTree │ ├── isarray@0.0.1
62 silly currentTree │ ├── lodash._reinterpolate@2.4.1
62 silly currentTree │ ├── lodash.defaults@2.4.1
62 silly currentTree │ ├── lodash.escape@2.4.1
62 silly currentTree │ ├── lodash.keys@2.4.1
62 silly currentTree │ ├── lodash.template@2.4.1
62 silly currentTree │ ├── lodash.templatesettings@2.4.1
62 silly currentTree │ ├── minimist@0.2.0
62 silly currentTree │ ├── readable-stream@1.0.34
62 silly currentTree │ ├── strip-ansi@0.3.0
62 silly currentTree │ ├── supports-color@0.2.0
62 silly currentTree │ ├─┬ through2@0.4.2
62 silly currentTree │ │ └── xtend@2.1.2
62 silly currentTree │ ├── vinyl@0.2.3
62 silly currentTree │ └── xtend@3.0.0
62 silly currentTree ├── gulp-nodemon@2.2.1
62 silly currentTree ├── gulp-sass@3.0.0
62 silly currentTree ├── gulp-uglify@2.0.0
62 silly currentTree ├── gulp-uglifycss@1.0.6
62 silly currentTree ├─┬ gulp-util@3.0.7
62 silly currentTree │ └── object-assign@3.0.0
62 silly currentTree ├─┬ gulp@3.9.1
62 silly currentTree │ └── semver@4.3.6
62 silly currentTree ├── gulplog@1.0.0
62 silly currentTree ├── har-validator@2.0.6
62 silly currentTree ├── has-ansi@2.0.0
62 silly currentTree ├─┬ has-binary@0.1.7
62 silly currentTree │ └── isarray@0.0.1
62 silly currentTree ├── has-color@0.1.7
62 silly currentTree ├── has-cors@1.1.0
62 silly currentTree ├── has-gulplog@0.1.0
62 silly currentTree ├── has-unicode@2.0.1
62 silly currentTree ├── hawk@3.1.3
62 silly currentTree ├── hoek@2.16.3
62 silly currentTree ├── homedir-polyfill@1.0.1
62 silly currentTree ├── hooks-fixed@1.2.0
62 silly currentTree ├── hosted-git-info@2.1.5
62 silly currentTree ├─┬ htmlparser2@3.8.3
62 silly currentTree │ ├── entities@1.0.0
62 silly currentTree │ ├── isarray@0.0.1
62 silly currentTree │ └── readable-stream@1.1.14
62 silly currentTree ├── http-errors@1.5.0
62 silly currentTree ├── http-proxy@1.15.1
62 silly currentTree ├── http-signature@0.11.0
62 silly currentTree ├── httpntlm@1.6.1
62 silly currentTree ├── httpreq@0.4.22
62 silly currentTree ├── iconv-lite@0.4.13
62 silly currentTree ├── ignore-by-default@1.0.1
62 silly currentTree ├── immutable@3.8.1
62 silly currentTree ├── imurmurhash@0.1.4
62 silly currentTree ├── in-publish@2.0.0
62 silly currentTree ├── indent-string@2.1.0
62 silly currentTree ├── indexof@0.0.1
62 silly currentTree ├── infinity-agent@2.0.3
62 silly currentTree ├── inflight@1.0.6
62 silly currentTree ├── inherits@2.0.1
62 silly currentTree ├── ini@1.3.4
62 silly currentTree ├── interpret@1.0.1
62 silly currentTree ├── invert-kv@1.0.0
62 silly currentTree ├── ip@1.1.4
62 silly currentTree ├── ipaddr.js@1.1.1
62 silly currentTree ├── is-absolute@0.2.6
62 silly currentTree ├── is-arrayish@0.2.1
62 silly currentTree ├── is-binary-path@1.0.1
62 silly currentTree ├── is-buffer@1.1.4
62 silly currentTree ├── is-builtin-module@1.0.0
62 silly currentTree ├── is-dotfile@1.0.2
62 silly currentTree ├── is-equal-shallow@0.1.3
62 silly currentTree ├── is-extendable@0.1.1
62 silly currentTree ├── is-extglob@1.0.0
62 silly currentTree ├── is-finite@1.0.2
62 silly currentTree ├── is-fullwidth-code-point@1.0.0
62 silly currentTree ├── is-glob@2.0.1
62 silly currentTree ├── is-my-json-valid@2.15.0
62 silly currentTree ├── is-npm@1.0.0
62 silly currentTree ├── is-number@2.1.0
62 silly currentTree ├── is-posix-bracket@0.1.1
62 silly currentTree ├── is-primitive@2.0.0
62 silly currentTree ├── is-property@1.0.2
62 silly currentTree ├── is-redirect@1.0.0
62 silly currentTree ├── is-relative@0.2.1
62 silly currentTree ├── is-stream@1.1.0
62 silly currentTree ├── is-unc-path@0.1.1
62 silly currentTree ├── is-utf8@0.2.1
62 silly currentTree ├── is-windows@0.2.0
62 silly currentTree ├── isarray@1.0.0
62 silly currentTree ├── isexe@1.1.2
62 silly currentTree ├── isobject@2.1.0
62 silly currentTree ├── isstream@0.1.2
62 silly currentTree ├── jsdom@7.2.2
62 silly currentTree ├── json-stringify-safe@5.0.1
62 silly currentTree ├── json3@3.2.6
62 silly currentTree ├── jsonfile@2.4.0
62 silly currentTree ├── jsonpointer@4.0.0
62 silly currentTree ├── juice@2.0.0
62 silly currentTree ├── kareem@1.1.3
62 silly currentTree ├── kind-of@3.0.4
62 silly currentTree ├── klaw@1.3.1
62 silly currentTree ├── latest-version@1.0.1
62 silly currentTree ├── lazy-cache@1.0.4
62 silly currentTree ├── lcid@1.0.0
62 silly currentTree ├── levn@0.3.0
62 silly currentTree ├── libbase64@0.1.0
62 silly currentTree ├─┬ libmime@3.0.0
62 silly currentTree │ └── iconv-lite@0.4.15
62 silly currentTree ├── libqp@1.1.0
62 silly currentTree ├── liftoff@2.3.0
62 silly currentTree ├── limiter@1.1.0
62 silly currentTree ├── load-json-file@1.1.0
62 silly currentTree ├─┬ localtunnel@1.8.1
62 silly currentTree │ └── yargs@3.29.0
62 silly currentTree ├── lodash._baseassign@3.2.0
62 silly currentTree ├── lodash._basecopy@3.0.1
62 silly currentTree ├── lodash._basetostring@3.0.1
62 silly currentTree ├── lodash._basevalues@3.0.0
62 silly currentTree ├── lodash._bindcallback@3.0.1
62 silly currentTree ├── lodash._createassigner@3.1.1
62 silly currentTree ├── lodash._escapehtmlchar@2.4.1
62 silly currentTree ├── lodash._escapestringchar@2.4.1
62 silly currentTree ├── lodash._getnative@3.9.1
62 silly currentTree ├── lodash._htmlescapes@2.4.1
62 silly currentTree ├── lodash._isiterateecall@3.0.9
62 silly currentTree ├── lodash._isnative@2.4.1
62 silly currentTree ├── lodash._objecttypes@2.4.1
62 silly currentTree ├── lodash._reescape@3.0.0
62 silly currentTree ├── lodash._reevaluate@3.0.0
62 silly currentTree ├── lodash._reinterpolate@3.0.0
62 silly currentTree ├─┬ lodash._reunescapedhtml@2.4.1
62 silly currentTree │ └── lodash.keys@2.4.1
62 silly currentTree ├── lodash._root@3.0.1
62 silly currentTree ├── lodash._shimkeys@2.4.1
62 silly currentTree ├── lodash.assign@3.2.0
62 silly currentTree ├── lodash.assignwith@4.2.0
62 silly currentTree ├── lodash.clonedeep@4.5.0
62 silly currentTree ├── lodash.defaults@3.1.2
62 silly currentTree ├── lodash.escape@3.2.0
62 silly currentTree ├── lodash.isarguments@3.1.0
62 silly currentTree ├── lodash.isarray@3.0.4
62 silly currentTree ├── lodash.isempty@4.4.0
62 silly currentTree ├── lodash.isobject@2.4.1
62 silly currentTree ├── lodash.isplainobject@4.0.6
62 silly currentTree ├── lodash.isstring@4.0.1
62 silly currentTree ├── lodash.keys@3.1.2
62 silly currentTree ├── lodash.mapvalues@4.6.0
62 silly currentTree ├── lodash.mergewith@4.6.0
62 silly currentTree ├── lodash.pick@4.4.0
62 silly currentTree ├── lodash.restparam@3.6.1
62 silly currentTree ├── lodash.template@3.6.2
62 silly currentTree ├── lodash.templatesettings@3.1.1
62 silly currentTree ├─┬ lodash.values@2.4.1
62 silly currentTree │ └── lodash.keys@2.4.1
62 silly currentTree ├── lodash@4.16.4
62 silly currentTree ├── longest@1.0.1
62 silly currentTree ├── loud-rejection@1.6.0
62 silly currentTree ├── lowercase-keys@1.0.0
62 silly currentTree ├── lru-cache@2.7.3
62 silly currentTree ├── lru-queue@0.1.0
62 silly currentTree ├── mailcomposer@4.0.0
62 silly currentTree ├── make-error-cause@1.2.2
62 silly currentTree ├── make-error@1.2.1
62 silly currentTree ├── map-cache@0.2.2
62 silly currentTree ├── map-obj@1.0.1
62 silly currentTree ├── map-stream@0.1.0
62 silly currentTree ├── media-typer@0.3.0
62 silly currentTree ├── memoizee@0.3.10
62 silly currentTree ├── meow@3.7.0
62 silly currentTree ├── merge-descriptors@1.0.1
62 silly currentTree ├── methods@1.1.2
62 silly currentTree ├── micromatch@2.3.11
62 silly currentTree ├── mime-db@1.24.0
62 silly currentTree ├── mime-types@2.1.12
62 silly currentTree ├── mime@1.3.4
62 silly currentTree ├── mimer@0.2.1
62 silly currentTree ├── minimatch@3.0.3
62 silly currentTree ├── minimist@1.2.0
62 silly currentTree ├── mkdirp@0.3.0
62 silly currentTree ├── moment@2.17.1
62 silly currentTree ├── mongodb-core@2.0.12
62 silly currentTree ├── mongodb@2.2.10
62 silly currentTree ├── mongoose@4.6.4
62 silly currentTree ├── morgan@1.7.0
62 silly currentTree ├── mpath@0.2.1
62 silly currentTree ├── mpromise@0.5.5
62 silly currentTree ├─┬ mquery@2.0.0
62 silly currentTree │ └── sliced@0.0.5
62 silly currentTree ├── ms@0.7.1
62 silly currentTree ├── multipipe@0.1.2
62 silly currentTree ├── muri@1.1.1
62 silly currentTree ├── nan@2.4.0
62 silly currentTree ├── natives@1.1.0
62 silly currentTree ├── negotiator@0.6.1
62 silly currentTree ├── nested-error-stacks@1.0.2
62 silly currentTree ├── next-tick@0.2.2
62 silly currentTree ├─┬ node-gyp@3.4.0
62 silly currentTree │ ├── minimist@0.0.8
62 silly currentTree │ ├── mkdirp@0.5.1
62 silly currentTree │ └── npmlog@3.1.2
62 silly currentTree ├─┬ node-sass@4.0.0
62 silly currentTree │ ├── gaze@1.1.2
62 silly currentTree │ ├── globule@1.1.0
62 silly currentTree │ ├── lodash.assign@4.2.0
62 silly currentTree │ ├── lodash.isarray@4.0.0
62 silly currentTree │ ├── minimist@0.0.8
62 silly currentTree │ └── mkdirp@0.5.1
62 silly currentTree ├── node-uuid@1.4.7
62 silly currentTree ├── nodemailer-direct-transport@3.3.2
62 silly currentTree ├── nodemailer-fetch@1.6.0
62 silly currentTree ├── nodemailer-shared@1.1.0
62 silly currentTree ├── nodemailer-smtp-pool@2.8.2
62 silly currentTree ├── nodemailer-smtp-transport@2.7.2
62 silly currentTree ├── nodemailer-wellknown@0.1.10
62 silly currentTree ├── nodemailer@2.7.0
62 silly currentTree ├── nodemon@1.11.0
62 silly currentTree ├── nopt@3.0.6
62 silly currentTree ├── normalize-package-data@2.3.5
62 silly currentTree ├── normalize-path@2.0.1
62 silly currentTree ├─┬ npmlog@4.0.2
62 silly currentTree │ ├── gauge@2.7.2
62 silly currentTree │ └── supports-color@0.2.0
62 silly currentTree ├── nth-check@1.0.1
62 silly currentTree ├── number-is-nan@1.0.1
62 silly currentTree ├── nwmatcher@1.3.9
62 silly currentTree ├── oauth-sign@0.8.2
62 silly currentTree ├── object-assign@4.1.0
62 silly currentTree ├── object-component@0.0.3
62 silly currentTree ├── object-keys@0.4.0
62 silly currentTree ├── object-path@0.9.2
62 silly currentTree ├── object.omit@2.0.1
62 silly currentTree ├── on-finished@2.3.0
62 silly currentTree ├── on-headers@1.0.1
62 silly currentTree ├── once@1.4.0
62 silly currentTree ├── openurl@1.1.0
62 silly currentTree ├── opn@4.0.2
62 silly currentTree ├─┬ optionator@0.8.2
62 silly currentTree │ └── wordwrap@1.0.0
62 silly currentTree ├── options@0.0.6
62 silly currentTree ├── orchestrator@0.3.8
62 silly currentTree ├── ordered-read-streams@0.1.0
62 silly currentTree ├── os-homedir@1.0.2
62 silly currentTree ├── os-locale@1.4.0
62 silly currentTree ├── os-tmpdir@1.0.2
62 silly currentTree ├── osenv@0.1.3
62 silly currentTree ├── package-json@1.2.0
62 silly currentTree ├── parse-filepath@1.0.1
62 silly currentTree ├── parse-glob@3.0.4
62 silly currentTree ├── parse-json@2.2.0
62 silly currentTree ├── parse-passwd@1.0.0
62 silly currentTree ├── parse5@1.5.1
62 silly currentTree ├── parsejson@0.0.1
62 silly currentTree ├── parseqs@0.0.2
62 silly currentTree ├── parseuri@0.0.4
62 silly currentTree ├── parseurl@1.3.1
62 silly currentTree ├── passport-local-mongoose@4.0.0
62 silly currentTree ├── passport-local@1.0.0
62 silly currentTree ├── passport-strategy@1.0.0
62 silly currentTree ├── passport@0.3.2
62 silly currentTree ├── path-array@1.0.1
62 silly currentTree ├── path-exists@2.1.0
62 silly currentTree ├── path-is-absolute@1.0.1
62 silly currentTree ├── path-root-regex@0.1.2
62 silly currentTree ├── path-root@0.1.1
62 silly currentTree ├── path-to-regexp@0.1.7
62 silly currentTree ├── path-type@1.1.0
62 silly currentTree ├── pause-stream@0.0.11
62 silly currentTree ├── pause@0.0.1
62 silly currentTree ├── pify@2.3.0
62 silly currentTree ├── pinkie-promise@2.0.1
62 silly currentTree ├── pinkie@2.0.4
62 silly currentTree ├─┬ portscanner@1.2.0
62 silly currentTree │ └── async@1.5.2
62 silly currentTree ├── prelude-ls@1.1.2
62 silly currentTree ├── prepend-http@1.0.4
62 silly currentTree ├── preserve@0.2.0
62 silly currentTree ├── pretty-hrtime@1.0.3
62 silly currentTree ├── process-nextick-args@1.0.7
62 silly currentTree ├── proxy-addr@1.1.2
62 silly currentTree ├── ps-tree@1.1.0
62 silly currentTree ├── pseudomap@1.0.2
62 silly currentTree ├── punycode@2.0.1
62 silly currentTree ├── qs@6.2.0
62 silly currentTree ├── random-bytes@1.0.0
62 silly currentTree ├── randomatic@1.1.6
62 silly currentTree ├── range-parser@1.2.0
62 silly currentTree ├── raw-body@2.1.7
62 silly currentTree ├── rc@1.1.6
62 silly currentTree ├── read-all-stream@3.1.0
62 silly currentTree ├── read-pkg-up@1.0.1
62 silly currentTree ├── read-pkg@1.1.0
62 silly currentTree ├── readable-stream@2.1.5
62 silly currentTree ├── readdirp@2.1.0
62 silly currentTree ├── rechoir@0.6.2
62 silly currentTree ├── redent@1.0.0
62 silly currentTree ├── regex-cache@0.4.3
62 silly currentTree ├── regexp-clone@0.0.1
62 silly currentTree ├── registry-url@3.1.0
62 silly currentTree ├── remove-trailing-separator@1.0.1
62 silly currentTree ├── repeat-element@1.1.2
62 silly currentTree ├── repeat-string@1.6.1
62 silly currentTree ├── repeating@2.0.1
62 silly currentTree ├── replace-ext@0.0.1
62 silly currentTree ├─┬ request@2.65.0
62 silly currentTree │ └── qs@5.2.1
62 silly currentTree ├── require_optional@1.0.0
62 silly currentTree ├── require-directory@2.1.1
62 silly currentTree ├── require-main-filename@1.0.1
62 silly currentTree ├── requires-port@1.0.0
62 silly currentTree ├── resolve-dir@0.1.1
62 silly currentTree ├── resolve-from@2.0.0
62 silly currentTree ├── resolve@1.1.7
62 silly currentTree ├── resp-modifier@6.0.2
62 silly currentTree ├── right-align@0.1.3
62 silly currentTree ├── rimraf@2.5.4
62 silly currentTree ├── rx@4.1.0
62 silly currentTree ├─┬ sass-graph@2.1.2
62 silly currentTree │ ├── camelcase@3.0.0
62 silly currentTree │ ├── lodash.assign@4.2.0
62 silly currentTree │ ├── window-size@0.2.0
62 silly currentTree │ ├── yargs-parser@2.4.1
62 silly currentTree │ └── yargs@4.8.1
62 silly currentTree ├── sax@1.2.1
62 silly currentTree ├── scmp@1.0.0
62 silly currentTree ├── semver-diff@2.1.0
62 silly currentTree ├── semver@5.3.0
62 silly currentTree ├── send@0.14.1
62 silly currentTree ├── sequencify@0.0.7
62 silly currentTree ├── serve-index@1.8.0
62 silly currentTree ├── serve-static@1.11.1
62 silly currentTree ├── server-destroy@1.0.1
62 silly currentTree ├── set-blocking@2.0.0
62 silly currentTree ├── set-immediate-shim@1.0.1
62 silly currentTree ├── setprototypeof@1.0.1
62 silly currentTree ├── sigmund@1.0.1
62 silly currentTree ├── signal-exit@3.0.2
62 silly currentTree ├── sliced@1.0.1
62 silly currentTree ├── slick@1.12.2
62 silly currentTree ├── slide@1.1.6
62 silly currentTree ├── smart-buffer@1.0.11
62 silly currentTree ├── smtp-connection@2.12.0
62 silly currentTree ├── sntp@1.0.9
62 silly currentTree ├─┬ socket.io-adapter@0.4.0
62 silly currentTree │ ├── isarray@0.0.1
62 silly currentTree │ └─┬ socket.io-parser@2.2.2
62 silly currentTree │   └── debug@0.7.4
62 silly currentTree ├─┬ socket.io-client@1.5.0
62 silly currentTree │ └── component-emitter@1.2.0
62 silly currentTree ├─┬ socket.io-parser@2.2.6
62 silly currentTree │ ├── isarray@0.0.1
62 silly currentTree │ └── json3@3.3.2
62 silly currentTree ├── socket.io@1.5.0
62 silly currentTree ├── socks@1.1.9
62 silly currentTree ├── source-map@0.5.6
62 silly currentTree ├── sparkles@1.0.0
62 silly currentTree ├── spdx-correct@1.0.2
62 silly currentTree ├── spdx-expression-parse@1.0.4
62 silly currentTree ├── spdx-license-ids@1.2.2
62 silly currentTree ├── split@0.3.3
62 silly currentTree ├── statuses@1.3.0
62 silly currentTree ├── stream-combiner@0.0.4
62 silly currentTree ├── stream-consume@0.1.0
62 silly currentTree ├── stream-shift@1.0.0
62 silly currentTree ├── stream-throttle@0.1.3
62 silly currentTree ├── string_decoder@0.10.31
62 silly currentTree ├── string-length@1.0.1
62 silly currentTree ├── string-width@1.0.2
62 silly currentTree ├── stringstream@0.0.5
62 silly currentTree ├── strip-ansi@3.0.1
62 silly currentTree ├── strip-bom@2.0.0
62 silly currentTree ├── strip-indent@1.0.1
62 silly currentTree ├── strip-json-comments@1.0.4
62 silly currentTree ├── supports-color@2.0.0
62 silly currentTree ├── symbol-tree@3.2.0
62 silly currentTree ├── tar@2.2.1
62 silly currentTree ├── templayed@0.2.3
62 silly currentTree ├── tfunk@3.0.2
62 silly currentTree ├── through@2.3.8
62 silly currentTree ├── through2@2.0.3
62 silly currentTree ├── tildify@1.2.0
62 silly currentTree ├── time-stamp@1.0.1
62 silly currentTree ├── timed-out@2.0.0
62 silly currentTree ├── timers-ext@0.1.0
62 silly currentTree ├── to-array@0.1.4
62 silly currentTree ├─┬ touch@1.0.0
62 silly currentTree │ └── nopt@1.0.10
62 silly currentTree ├── tough-cookie@2.2.2
62 silly currentTree ├── tr46@0.0.3
62 silly currentTree ├── trim-newlines@1.0.0
62 silly currentTree ├── tunnel-agent@0.4.3
62 silly currentTree ├── type-check@0.3.2
62 silly currentTree ├── type-is@1.6.13
62 silly currentTree ├── ua-parser-js@0.7.10
62 silly currentTree ├─┬ uglify-js@2.7.0
62 silly currentTree │ ├── async@0.2.10
62 silly currentTree │ ├── cliui@2.1.0
62 silly currentTree │ ├── window-size@0.1.0
62 silly currentTree │ └── yargs@3.10.0
62 silly currentTree ├── uglify-save-license@0.4.1
62 silly currentTree ├── uglify-to-browserify@1.0.2
62 silly currentTree ├── uglifycss@0.0.25
62 silly currentTree ├── uid-safe@2.1.2
62 silly currentTree ├── ultron@1.0.2
62 silly currentTree ├── unc-path-regex@0.1.2
62 silly currentTree ├── undefsafe@0.0.3
62 silly currentTree ├── underscore@1.7.0
62 silly currentTree ├── unique-stream@1.0.0
62 silly currentTree ├── unpipe@1.0.0
62 silly currentTree ├─┬ update-notifier@0.5.0
62 silly currentTree │ └── repeating@1.1.3
62 silly currentTree ├── user-home@1.1.1
62 silly currentTree ├── util-deprecate@1.0.2
62 silly currentTree ├── utils-merge@1.0.0
62 silly currentTree ├── uuid@2.0.3
62 silly currentTree ├── v8flags@2.0.11
62 silly currentTree ├── validate-npm-package-license@3.0.1
62 silly currentTree ├── vary@1.1.0
62 silly currentTree ├─┬ vinyl-fs@0.3.14
62 silly currentTree │ ├── clone@0.2.0
62 silly currentTree │ ├── graceful-fs@3.0.11
62 silly currentTree │ ├── isarray@0.0.1
62 silly currentTree │ ├── minimist@0.0.8
62 silly currentTree │ ├── mkdirp@0.5.1
62 silly currentTree │ ├── readable-stream@1.0.34
62 silly currentTree │ ├── strip-bom@1.0.0
62 silly currentTree │ ├── through2@0.6.5
62 silly currentTree │ └── vinyl@0.4.6
62 silly currentTree ├── vinyl-sourcemaps-apply@0.2.1
62 silly currentTree ├── vinyl@0.5.3
62 silly currentTree ├─┬ web-resource-inliner@2.0.0
62 silly currentTree │ ├── async@0.9.2
62 silly currentTree │ ├── htmlparser2@3.9.2
62 silly currentTree │ └── lodash@3.10.1
62 silly currentTree ├── webidl-conversions@2.0.1
62 silly currentTree ├─┬ weinre@2.0.0-pre-I0Z7U9OV
62 silly currentTree │ ├── connect@1.9.2
62 silly currentTree │ ├── express@2.5.11
62 silly currentTree │ ├── mime@1.2.4
62 silly currentTree │ └── qs@0.4.2
62 silly currentTree ├── whatwg-url-compat@0.6.5
62 silly currentTree ├── which-module@1.0.0
62 silly currentTree ├── which@1.2.12
62 silly currentTree ├── wide-align@1.1.0
62 silly currentTree ├── window-size@0.1.4
62 silly currentTree ├── wordwrap@0.0.2
62 silly currentTree ├── wrap-ansi@2.1.0
62 silly currentTree ├── wrappy@1.0.2
62 silly currentTree ├── write-file-atomic@1.2.0
62 silly currentTree ├── ws@1.1.1
62 silly currentTree ├── wtf-8@1.0.0
62 silly currentTree ├── xdg-basedir@2.0.0
62 silly currentTree ├── xml-name-validator@2.0.1
62 silly currentTree ├── xmlhttprequest-ssl@1.5.1
62 silly currentTree ├── xtend@4.0.1
62 silly currentTree ├── y18n@3.2.1
62 silly currentTree ├── yallist@2.0.0
62 silly currentTree ├─┬ yargs-parser@4.2.0
62 silly currentTree │ └── camelcase@3.0.0
62 silly currentTree ├─┬ yargs@6.0.0
62 silly currentTree │ └── window-size@0.2.0
62 silly currentTree └── yeast@0.1.2
63 silly idealTree myproducer@
63 silly idealTree ├── abab@1.0.3
63 silly idealTree ├── abbrev@1.0.9
63 silly idealTree ├── accepts@1.3.3
63 silly idealTree ├── acorn-globals@1.0.9
63 silly idealTree ├── acorn@2.7.0
63 silly idealTree ├── addressparser@1.0.1
63 silly idealTree ├── after@0.8.1
63 silly idealTree ├── align-text@0.1.4
63 silly idealTree ├── amdefine@1.0.1
63 silly idealTree ├── ansi-regex@2.0.0
63 silly idealTree ├── ansi-styles@2.2.1
63 silly idealTree ├── anymatch@1.3.0
63 silly idealTree ├── aproba@1.0.4
63 silly idealTree ├── archy@1.0.0
63 silly idealTree ├── are-we-there-yet@1.1.2
63 silly idealTree ├── arr-diff@2.0.0
63 silly idealTree ├── arr-flatten@1.0.1
63 silly idealTree ├── array-differ@1.0.0
63 silly idealTree ├── array-find-index@1.0.2
63 silly idealTree ├── array-flatten@1.1.1
63 silly idealTree ├── array-index@1.0.0
63 silly idealTree ├── array-uniq@1.0.3
63 silly idealTree ├── array-unique@0.2.1
63 silly idealTree ├── arraybuffer.slice@0.0.6
63 silly idealTree ├── arrify@1.0.1
63 silly idealTree ├── asn1@0.1.11
63 silly idealTree ├── assert-plus@0.1.5
63 silly idealTree ├── async-each-series@0.1.1
63 silly idealTree ├── async-each@1.0.1
63 silly idealTree ├── async-foreach@0.1.3
63 silly idealTree ├── async@2.0.1
63 silly idealTree ├── aws-sign2@0.6.0
63 silly idealTree ├── backo2@1.0.2
63 silly idealTree ├── balanced-match@0.4.2
63 silly idealTree ├── base64-arraybuffer@0.1.5
63 silly idealTree ├── base64-url@1.3.2
63 silly idealTree ├── base64id@0.1.0
63 silly idealTree ├── basic-auth@1.0.4
63 silly idealTree ├── batch@0.5.3
63 silly idealTree ├── bcrypt-nodejs@0.0.3
63 silly idealTree ├── beeper@1.1.1
63 silly idealTree ├── benchmark@1.0.0
63 silly idealTree ├── better-assert@1.0.2
63 silly idealTree ├── binary-extensions@1.8.0
63 silly idealTree ├─┬ bl@1.0.3
63 silly idealTree │ └── readable-stream@2.0.6
63 silly idealTree ├── blob@0.0.4
63 silly idealTree ├── block-stream@0.0.9
63 silly idealTree ├── bluebird@2.10.2
63 silly idealTree ├── body-parser@1.15.2
63 silly idealTree ├── boolbase@1.0.0
63 silly idealTree ├── boom@2.10.1
63 silly idealTree ├── brace-expansion@1.1.6
63 silly idealTree ├── braces@1.8.5
63 silly idealTree ├── browser-sync-client@2.4.3
63 silly idealTree ├── browser-sync-ui@0.6.1
63 silly idealTree ├─┬ browser-sync@2.18.2
63 silly idealTree │ └── qs@6.2.1
63 silly idealTree ├── bs-recipes@1.3.2
63 silly idealTree ├── bson@0.5.6
63 silly idealTree ├── buffer-shims@1.0.0
63 silly idealTree ├── buildmail@4.0.0
63 silly idealTree ├── builtin-modules@1.1.1
63 silly idealTree ├── bytes@2.4.0
63 silly idealTree ├── callsite@1.0.0
63 silly idealTree ├─┬ camelcase-keys@2.1.0
63 silly idealTree │ └── camelcase@2.1.1
63 silly idealTree ├── camelcase@1.2.1
63 silly idealTree ├── canvas@1.6.2
63 silly idealTree ├── caseless@0.11.0
63 silly idealTree ├── center-align@0.1.3
63 silly idealTree ├── chalk@1.1.3
63 silly idealTree ├── cheerio@0.20.0
63 silly idealTree ├── chokidar@1.6.0
63 silly idealTree ├─┬ clean-css@1.1.7
63 silly idealTree │ └── commander@2.0.0
63 silly idealTree ├── cli-color@0.3.3
63 silly idealTree ├── cliui@3.2.0
63 silly idealTree ├── clone-buffer@1.0.0
63 silly idealTree ├── clone-stats@0.0.1
63 silly idealTree ├── clone@1.0.2
63 silly idealTree ├── cloneable-readable@1.0.0
63 silly idealTree ├── code-point-at@1.1.0
63 silly idealTree ├── colors@1.1.2
63 silly idealTree ├── combined-stream@1.0.5
63 silly idealTree ├── commander@2.9.0
63 silly idealTree ├── component-bind@1.0.0
63 silly idealTree ├── component-emitter@1.1.2
63 silly idealTree ├── component-inherit@0.0.3
63 silly idealTree ├── concat-map@0.0.1
63 silly idealTree ├── concat-with-sourcemaps@1.0.4
63 silly idealTree ├─┬ configstore@1.4.0
63 silly idealTree │ ├── minimist@0.0.8
63 silly idealTree │ └── mkdirp@0.5.1
63 silly idealTree ├── connect-history-api-fallback@1.3.0
63 silly idealTree ├─┬ connect-mongo@1.3.2
63 silly idealTree │ └── bluebird@3.4.6
63 silly idealTree ├── connect@3.5.0
63 silly idealTree ├── console-control-strings@1.1.0
63 silly idealTree ├─┬ consolidate@0.14.5
63 silly idealTree │ └── bluebird@3.4.6
63 silly idealTree ├── content-disposition@0.5.1
63 silly idealTree ├── content-type@1.0.2
63 silly idealTree ├── cookie-parser@1.4.3
63 silly idealTree ├── cookie-signature@1.0.6
63 silly idealTree ├── cookie@0.3.1
63 silly idealTree ├── core-util-is@1.0.2
63 silly idealTree ├── crc@3.4.0
63 silly idealTree ├─┬ cross-spawn-async@2.2.5
63 silly idealTree │ └── lru-cache@4.0.2
63 silly idealTree ├─┬ cross-spawn@3.0.1
63 silly idealTree │ └── lru-cache@4.0.2
63 silly idealTree ├── cryptiles@2.0.5
63 silly idealTree ├── css-select@1.2.0
63 silly idealTree ├── css-what@2.1.0
63 silly idealTree ├── cssom@0.3.1
63 silly idealTree ├── cssstyle@0.2.37
63 silly idealTree ├── ctype@0.5.3
63 silly idealTree ├── currently-unhandled@0.4.1
63 silly idealTree ├── d@0.1.1
63 silly idealTree ├── datauri@0.2.1
63 silly idealTree ├── dateformat@1.0.12
63 silly idealTree ├── debug@2.2.0
63 silly idealTree ├── decamelize@1.2.0
63 silly idealTree ├── deep-extend@0.4.1
63 silly idealTree ├── deep-is@0.1.3
63 silly idealTree ├── defaults@1.0.3
63 silly idealTree ├── delayed-stream@1.0.0
63 silly idealTree ├── delegates@1.0.0
63 silly idealTree ├── depd@1.1.0
63 silly idealTree ├── deprecated@0.0.1
63 silly idealTree ├── destroy@1.0.4
63 silly idealTree ├── detect-file@0.1.0
63 silly idealTree ├── dev-ip@1.0.1
63 silly idealTree ├─┬ dom-serializer@0.1.0
63 silly idealTree │ └── domelementtype@1.1.3
63 silly idealTree ├── domelementtype@1.3.0
63 silly idealTree ├── domhandler@2.3.0
63 silly idealTree ├── domutils@1.5.1
63 silly idealTree ├── dotenv@2.0.0
63 silly idealTree ├── duplexer@0.1.1
63 silly idealTree ├─┬ duplexer2@0.0.2
63 silly idealTree │ ├── isarray@0.0.1
63 silly idealTree │ └── readable-stream@1.1.14
63 silly idealTree ├─┬ duplexify@3.5.0
63 silly idealTree │ ├── end-of-stream@1.0.0
63 silly idealTree │ └── once@1.3.3
63 silly idealTree ├─┬ easy-extender@2.3.2
63 silly idealTree │ └── lodash@3.10.1
63 silly idealTree ├── eazy-logger@3.0.2
63 silly idealTree ├── ee-first@1.1.1
63 silly idealTree ├── ejs@2.5.5
63 silly idealTree ├─┬ email-templates@2.5.4
63 silly idealTree │ ├── bluebird@3.4.6
63 silly idealTree │ └── glob@6.0.4
63 silly idealTree ├── emitter-steward@1.0.0
63 silly idealTree ├── encodeurl@1.0.1
63 silly idealTree ├─┬ end-of-stream@0.1.5
63 silly idealTree │ └── once@1.3.3
63 silly idealTree ├── engine.io-client@1.7.0
63 silly idealTree ├─┬ engine.io-parser@1.3.0
63 silly idealTree │ ├── has-binary@0.1.6
63 silly idealTree │ └── isarray@0.0.1
63 silly idealTree ├── engine.io@1.7.0
63 silly idealTree ├── entities@1.1.1
63 silly idealTree ├── error-ex@1.3.0
63 silly idealTree ├── es5-ext@0.10.12
63 silly idealTree ├── es6-iterator@2.0.0
63 silly idealTree ├── es6-promise@3.2.1
63 silly idealTree ├── es6-symbol@3.1.0
63 silly idealTree ├─┬ es6-weak-map@0.1.4
63 silly idealTree │ ├── es6-iterator@0.1.3
63 silly idealTree │ └── es6-symbol@2.0.1
63 silly idealTree ├── escape-html@1.0.3
63 silly idealTree ├── escape-string-regexp@1.0.5
63 silly idealTree ├─┬ escodegen@1.8.1
63 silly idealTree │ └── source-map@0.2.0
63 silly idealTree ├── esprima@2.7.3
63 silly idealTree ├── estraverse@1.9.3
63 silly idealTree ├── esutils@2.0.2
63 silly idealTree ├── etag@1.7.0
63 silly idealTree ├── event-emitter@0.3.4
63 silly idealTree ├── event-stream@3.3.4
63 silly idealTree ├── eventemitter3@1.2.0
63 silly idealTree ├── expand-brackets@0.1.5
63 silly idealTree ├── expand-range@1.8.2
63 silly idealTree ├── expand-tilde@1.2.2
63 silly idealTree ├── express-session@1.14.1
63 silly idealTree ├── express@4.14.0
63 silly idealTree ├── extend@3.0.0
63 silly idealTree ├── extglob@0.3.2
63 silly idealTree ├── fancy-log@1.2.0
63 silly idealTree ├── fast-levenshtein@2.0.5
63 silly idealTree ├── filename-regex@2.0.0
63 silly idealTree ├── fill-range@2.2.3
63 silly idealTree ├── finalhandler@0.5.0
63 silly idealTree ├── find-index@0.1.1
63 silly idealTree ├── find-up@1.1.2
63 silly idealTree ├── findup-sync@0.4.3
63 silly idealTree ├── fined@1.0.2
63 silly idealTree ├── first-chunk-stream@1.0.0
63 silly idealTree ├── flagged-respawn@0.3.2
63 silly idealTree ├── for-in@0.1.6
63 silly idealTree ├── for-own@0.1.4
63 silly idealTree ├── forever-agent@0.6.1
63 silly idealTree ├── form-data@1.0.1
63 silly idealTree ├── formidable@1.0.17
63 silly idealTree ├── forwarded@0.1.0
63 silly idealTree ├── fresh@0.3.0
63 silly idealTree ├── from@0.1.3
63 silly idealTree ├── fs-exists-sync@0.1.0
63 silly idealTree ├── fs-extra@0.30.0
63 silly idealTree ├── fs.realpath@1.0.0
63 silly idealTree ├─┬ fsevents@1.0.15
63 silly idealTree │ ├── abbrev@1.0.9
63 silly idealTree │ ├── ansi-regex@2.0.0
63 silly idealTree │ ├── ansi-styles@2.2.1
63 silly idealTree │ ├── aproba@1.0.4
63 silly idealTree │ ├── are-we-there-yet@1.1.2
63 silly idealTree │ ├── asn1@0.2.3
63 silly idealTree │ ├── assert-plus@0.2.0
63 silly idealTree │ ├── async@1.5.2
63 silly idealTree │ ├── aws-sign2@0.6.0
63 silly idealTree │ ├── aws4@1.4.1
63 silly idealTree │ ├── balanced-match@0.4.2
63 silly idealTree │ ├─┬ bl@1.1.2
63 silly idealTree │ │ └── readable-stream@2.0.6
63 silly idealTree │ ├── block-stream@0.0.9
63 silly idealTree │ ├── boom@2.10.1
63 silly idealTree │ ├── brace-expansion@1.1.5
63 silly idealTree │ ├── buffer-shims@1.0.0
63 silly idealTree │ ├── caseless@0.11.0
63 silly idealTree │ ├── chalk@1.1.3
63 silly idealTree │ ├── code-point-at@1.0.0
63 silly idealTree │ ├── combined-stream@1.0.5
63 silly idealTree │ ├── commander@2.9.0
63 silly idealTree │ ├── concat-map@0.0.1
63 silly idealTree │ ├── console-control-strings@1.1.0
63 silly idealTree │ ├── core-util-is@1.0.2
63 silly idealTree │ ├── cryptiles@2.0.5
63 silly idealTree │ ├─┬ dashdash@1.14.0
63 silly idealTree │ │ └── assert-plus@1.0.0
63 silly idealTree │ ├── debug@2.2.0
63 silly idealTree │ ├── deep-extend@0.4.1
63 silly idealTree │ ├── delayed-stream@1.0.0
63 silly idealTree │ ├── delegates@1.0.0
63 silly idealTree │ ├── ecc-jsbn@0.1.1
63 silly idealTree │ ├── escape-string-regexp@1.0.5
63 silly idealTree │ ├── extend@3.0.0
63 silly idealTree │ ├── extsprintf@1.0.2
63 silly idealTree │ ├── forever-agent@0.6.1
63 silly idealTree │ ├── form-data@1.0.0-rc4
63 silly idealTree │ ├── fs.realpath@1.0.0
63 silly idealTree │ ├── fstream-ignore@1.0.5
63 silly idealTree │ ├── fstream@1.0.10
63 silly idealTree │ ├── gauge@2.6.0
63 silly idealTree │ ├── generate-function@2.0.0
63 silly idealTree │ ├── generate-object-property@1.2.0
63 silly idealTree │ ├─┬ getpass@0.1.6
63 silly idealTree │ │ └── assert-plus@1.0.0
63 silly idealTree │ ├── glob@7.0.5
63 silly idealTree │ ├── graceful-fs@4.1.4
63 silly idealTree │ ├── graceful-readlink@1.0.1
63 silly idealTree │ ├── har-validator@2.0.6
63 silly idealTree │ ├── has-ansi@2.0.0
63 silly idealTree │ ├── has-color@0.1.7
63 silly idealTree │ ├── has-unicode@2.0.1
63 silly idealTree │ ├── hawk@3.1.3
63 silly idealTree │ ├── hoek@2.16.3
63 silly idealTree │ ├── http-signature@1.1.1
63 silly idealTree │ ├── inflight@1.0.5
63 silly idealTree │ ├── inherits@2.0.1
63 silly idealTree │ ├── ini@1.3.4
63 silly idealTree │ ├── is-fullwidth-code-point@1.0.0
63 silly idealTree │ ├── is-my-json-valid@2.13.1
63 silly idealTree │ ├── is-property@1.0.2
63 silly idealTree │ ├── is-typedarray@1.0.0
63 silly idealTree │ ├── isarray@1.0.0
63 silly idealTree │ ├── isstream@0.1.2
63 silly idealTree │ ├── jodid25519@1.0.2
63 silly idealTree │ ├── jsbn@0.1.0
63 silly idealTree │ ├── json-schema@0.2.2
63 silly idealTree │ ├── json-stringify-safe@5.0.1
63 silly idealTree │ ├── jsonpointer@2.0.0
63 silly idealTree │ ├── jsprim@1.3.0
63 silly idealTree │ ├── mime-db@1.23.0
63 silly idealTree │ ├── mime-types@2.1.11
63 silly idealTree │ ├── minimatch@3.0.2
63 silly idealTree │ ├── minimist@0.0.8
63 silly idealTree │ ├── mkdirp@0.5.1
63 silly idealTree │ ├── ms@0.7.1
63 silly idealTree │ ├── node-pre-gyp@0.6.29
63 silly idealTree │ ├── node-uuid@1.4.7
63 silly idealTree │ ├── nopt@3.0.6
63 silly idealTree │ ├── npmlog@3.1.2
63 silly idealTree │ ├── number-is-nan@1.0.0
63 silly idealTree │ ├── oauth-sign@0.8.2
63 silly idealTree │ ├── object-assign@4.1.0
63 silly idealTree │ ├── once@1.3.3
63 silly idealTree │ ├── path-is-absolute@1.0.0
63 silly idealTree │ ├── pinkie-promise@2.0.1
63 silly idealTree │ ├── pinkie@2.0.4
63 silly idealTree │ ├── process-nextick-args@1.0.7
63 silly idealTree │ ├── qs@6.2.0
63 silly idealTree │ ├─┬ rc@1.1.6
63 silly idealTree │ │ └── minimist@1.2.0
63 silly idealTree │ ├── readable-stream@2.1.4
63 silly idealTree │ ├── request@2.73.0
63 silly idealTree │ ├── rimraf@2.5.3
63 silly idealTree │ ├── semver@5.2.0
63 silly idealTree │ ├── set-blocking@2.0.0
63 silly idealTree │ ├── signal-exit@3.0.0
63 silly idealTree │ ├── sntp@1.0.9
63 silly idealTree │ ├─┬ sshpk@1.8.3
63 silly idealTree │ │ └── assert-plus@1.0.0
63 silly idealTree │ ├── string_decoder@0.10.31
63 silly idealTree │ ├── string-width@1.0.1
63 silly idealTree │ ├── stringstream@0.0.5
63 silly idealTree │ ├── strip-ansi@3.0.1
63 silly idealTree │ ├── strip-json-comments@1.0.4
63 silly idealTree │ ├── supports-color@2.0.0
63 silly idealTree │ ├── tar-pack@3.1.4
63 silly idealTree │ ├── tar@2.2.1
63 silly idealTree │ ├── tough-cookie@2.2.2
63 silly idealTree │ ├── tunnel-agent@0.4.3
63 silly idealTree │ ├── tweetnacl@0.13.3
63 silly idealTree │ ├── uid-number@0.0.6
63 silly idealTree │ ├── util-deprecate@1.0.2
63 silly idealTree │ ├── verror@1.3.6
63 silly idealTree │ ├── wide-align@1.1.0
63 silly idealTree │ ├── wrappy@1.0.2
63 silly idealTree │ └── xtend@4.0.1
63 silly idealTree ├─┬ fstream@1.0.10
63 silly idealTree │ ├── minimist@0.0.8
63 silly idealTree │ └── mkdirp@0.5.1
63 silly idealTree ├── gauge@2.6.0
63 silly idealTree ├── gaze@0.5.2
63 silly idealTree ├── generate-function@2.0.0
63 silly idealTree ├── generate-object-property@1.2.0
63 silly idealTree ├── generaterr@1.5.0
63 silly idealTree ├── get-caller-file@1.0.2
63 silly idealTree ├── get-stdin@4.0.1
63 silly idealTree ├── glob-base@0.3.0
63 silly idealTree ├── glob-parent@2.0.0
63 silly idealTree ├─┬ glob-stream@3.1.18
63 silly idealTree │ ├── glob@4.5.3
63 silly idealTree │ ├── isarray@0.0.1
63 silly idealTree │ ├── minimatch@2.0.10
63 silly idealTree │ ├── readable-stream@1.0.34
63 silly idealTree │ └── through2@0.6.5
63 silly idealTree ├── glob-watcher@0.0.6
63 silly idealTree ├── glob@7.1.1
63 silly idealTree ├── glob2base@0.0.12
63 silly idealTree ├── global-modules@0.2.3
63 silly idealTree ├── global-prefix@0.1.5
63 silly idealTree ├─┬ globule@0.1.0
63 silly idealTree │ ├── glob@3.1.21
63 silly idealTree │ ├── graceful-fs@1.2.3
63 silly idealTree │ ├── inherits@1.0.2
63 silly idealTree │ ├── lodash@1.0.2
63 silly idealTree │ └── minimatch@0.2.14
63 silly idealTree ├── glogg@1.0.0
63 silly idealTree ├─┬ got@3.3.1
63 silly idealTree │ └── object-assign@3.0.0
63 silly idealTree ├── graceful-fs@4.1.11
63 silly idealTree ├── graceful-readlink@1.0.1
63 silly idealTree ├─┬ gulp-concat@2.6.1
63 silly idealTree │ ├── clone-stats@1.0.0
63 silly idealTree │ ├── replace-ext@1.0.0
63 silly idealTree │ └── vinyl@2.0.1
63 silly idealTree ├─┬ gulp-minify@0.0.14
63 silly idealTree │ ├── ansi-regex@0.2.1
63 silly idealTree │ ├── ansi-styles@1.1.0
63 silly idealTree │ ├── chalk@0.5.1
63 silly idealTree │ ├─┬ gulp-util@2.2.20
63 silly idealTree │ │ └── through2@0.5.1
63 silly idealTree │ ├── has-ansi@0.1.0
63 silly idealTree │ ├── isarray@0.0.1
63 silly idealTree │ ├── lodash._reinterpolate@2.4.1
63 silly idealTree │ ├── lodash.defaults@2.4.1
63 silly idealTree │ ├── lodash.escape@2.4.1
63 silly idealTree │ ├── lodash.keys@2.4.1
63 silly idealTree │ ├── lodash.template@2.4.1
63 silly idealTree │ ├── lodash.templatesettings@2.4.1
63 silly idealTree │ ├── minimist@0.2.0
63 silly idealTree │ ├── readable-stream@1.0.34
63 silly idealTree │ ├── strip-ansi@0.3.0
63 silly idealTree │ ├── supports-color@0.2.0
63 silly idealTree │ ├─┬ through2@0.4.2
63 silly idealTree │ │ └── xtend@2.1.2
63 silly idealTree │ ├── vinyl@0.2.3
63 silly idealTree │ └── xtend@3.0.0
63 silly idealTree ├── gulp-nodemon@2.2.1
63 silly idealTree ├── gulp-sass@3.0.0
63 silly idealTree ├── gulp-uglify@2.0.0
63 silly idealTree ├── gulp-uglifycss@1.0.6
63 silly idealTree ├─┬ gulp-util@3.0.7
63 silly idealTree │ └── object-assign@3.0.0
63 silly idealTree ├─┬ gulp@3.9.1
63 silly idealTree │ └── semver@4.3.6
63 silly idealTree ├── gulplog@1.0.0
63 silly idealTree ├── har-validator@2.0.6
63 silly idealTree ├── has-ansi@2.0.0
63 silly idealTree ├─┬ has-binary@0.1.7
63 silly idealTree │ └── isarray@0.0.1
63 silly idealTree ├── has-color@0.1.7
63 silly idealTree ├── has-cors@1.1.0
63 silly idealTree ├── has-gulplog@0.1.0
63 silly idealTree ├── has-unicode@2.0.1
63 silly idealTree ├── hawk@3.1.3
63 silly idealTree ├── hoek@2.16.3
63 silly idealTree ├── homedir-polyfill@1.0.1
63 silly idealTree ├── hooks-fixed@1.2.0
63 silly idealTree ├── hosted-git-info@2.1.5
63 silly idealTree ├─┬ htmlparser2@3.8.3
63 silly idealTree │ ├── entities@1.0.0
63 silly idealTree │ ├── isarray@0.0.1
63 silly idealTree │ └── readable-stream@1.1.14
63 silly idealTree ├── http-errors@1.5.0
63 silly idealTree ├── http-proxy@1.15.1
63 silly idealTree ├── http-signature@0.11.0
63 silly idealTree ├── httpntlm@1.6.1
63 silly idealTree ├── httpreq@0.4.22
63 silly idealTree ├── iconv-lite@0.4.13
63 silly idealTree ├── ignore-by-default@1.0.1
63 silly idealTree ├── immutable@3.8.1
63 silly idealTree ├── imurmurhash@0.1.4
63 silly idealTree ├── in-publish@2.0.0
63 silly idealTree ├── indent-string@2.1.0
63 silly idealTree ├── indexof@0.0.1
63 silly idealTree ├── infinity-agent@2.0.3
63 silly idealTree ├── inflight@1.0.6
63 silly idealTree ├── inherits@2.0.1
63 silly idealTree ├── ini@1.3.4
63 silly idealTree ├── interpret@1.0.1
63 silly idealTree ├── invert-kv@1.0.0
63 silly idealTree ├── ip@1.1.4
63 silly idealTree ├── ipaddr.js@1.1.1
63 silly idealTree ├── is-absolute@0.2.6
63 silly idealTree ├── is-arrayish@0.2.1
63 silly idealTree ├── is-binary-path@1.0.1
63 silly idealTree ├── is-buffer@1.1.4
63 silly idealTree ├── is-builtin-module@1.0.0
63 silly idealTree ├── is-dotfile@1.0.2
63 silly idealTree ├── is-equal-shallow@0.1.3
63 silly idealTree ├── is-extendable@0.1.1
63 silly idealTree ├── is-extglob@1.0.0
63 silly idealTree ├── is-finite@1.0.2
63 silly idealTree ├── is-fullwidth-code-point@1.0.0
63 silly idealTree ├── is-glob@2.0.1
63 silly idealTree ├── is-my-json-valid@2.15.0
63 silly idealTree ├── is-npm@1.0.0
63 silly idealTree ├── is-number@2.1.0
63 silly idealTree ├── is-posix-bracket@0.1.1
63 silly idealTree ├── is-primitive@2.0.0
63 silly idealTree ├── is-property@1.0.2
63 silly idealTree ├── is-redirect@1.0.0
63 silly idealTree ├── is-relative@0.2.1
63 silly idealTree ├── is-stream@1.1.0
63 silly idealTree ├── is-unc-path@0.1.1
63 silly idealTree ├── is-utf8@0.2.1
63 silly idealTree ├── is-windows@0.2.0
63 silly idealTree ├── isarray@1.0.0
63 silly idealTree ├── isexe@1.1.2
63 silly idealTree ├── isobject@2.1.0
63 silly idealTree ├── isstream@0.1.2
63 silly idealTree ├── jsdom@7.2.2
63 silly idealTree ├── json-stringify-safe@5.0.1
63 silly idealTree ├── json3@3.2.6
63 silly idealTree ├── jsonfile@2.4.0
63 silly idealTree ├── jsonpointer@4.0.0
63 silly idealTree ├── juice@2.0.0
63 silly idealTree ├── kareem@1.1.3
63 silly idealTree ├── kind-of@3.0.4
63 silly idealTree ├── klaw@1.3.1
63 silly idealTree ├── latest-version@1.0.1
63 silly idealTree ├── lazy-cache@1.0.4
63 silly idealTree ├── lcid@1.0.0
63 silly idealTree ├── levn@0.3.0
63 silly idealTree ├── libbase64@0.1.0
63 silly idealTree ├─┬ libmime@3.0.0
63 silly idealTree │ └── iconv-lite@0.4.15
63 silly idealTree ├── libqp@1.1.0
63 silly idealTree ├── liftoff@2.3.0
63 silly idealTree ├── limiter@1.1.0
63 silly idealTree ├── load-json-file@1.1.0
63 silly idealTree ├─┬ localtunnel@1.8.1
63 silly idealTree │ └── yargs@3.29.0
63 silly idealTree ├── lodash._baseassign@3.2.0
63 silly idealTree ├── lodash._basecopy@3.0.1
63 silly idealTree ├── lodash._basetostring@3.0.1
63 silly idealTree ├── lodash._basevalues@3.0.0
63 silly idealTree ├── lodash._bindcallback@3.0.1
63 silly idealTree ├── lodash._createassigner@3.1.1
63 silly idealTree ├── lodash._escapehtmlchar@2.4.1
63 silly idealTree ├── lodash._escapestringchar@2.4.1
63 silly idealTree ├── lodash._getnative@3.9.1
63 silly idealTree ├── lodash._htmlescapes@2.4.1
63 silly idealTree ├── lodash._isiterateecall@3.0.9
63 silly idealTree ├── lodash._isnative@2.4.1
63 silly idealTree ├── lodash._objecttypes@2.4.1
63 silly idealTree ├── lodash._reescape@3.0.0
63 silly idealTree ├── lodash._reevaluate@3.0.0
63 silly idealTree ├── lodash._reinterpolate@3.0.0
63 silly idealTree ├─┬ lodash._reunescapedhtml@2.4.1
63 silly idealTree │ └── lodash.keys@2.4.1
63 silly idealTree ├── lodash._root@3.0.1
63 silly idealTree ├── lodash._shimkeys@2.4.1
63 silly idealTree ├── lodash.assign@3.2.0
63 silly idealTree ├── lodash.assignwith@4.2.0
63 silly idealTree ├── lodash.clonedeep@4.5.0
63 silly idealTree ├── lodash.defaults@3.1.2
63 silly idealTree ├── lodash.escape@3.2.0
63 silly idealTree ├── lodash.isarguments@3.1.0
63 silly idealTree ├── lodash.isarray@3.0.4
63 silly idealTree ├── lodash.isempty@4.4.0
63 silly idealTree ├── lodash.isobject@2.4.1
63 silly idealTree ├── lodash.isplainobject@4.0.6
63 silly idealTree ├── lodash.isstring@4.0.1
63 silly idealTree ├── lodash.keys@3.1.2
63 silly idealTree ├── lodash.mapvalues@4.6.0
63 silly idealTree ├── lodash.mergewith@4.6.0
63 silly idealTree ├── lodash.pick@4.4.0
63 silly idealTree ├── lodash.restparam@3.6.1
63 silly idealTree ├── lodash.template@3.6.2
63 silly idealTree ├── lodash.templatesettings@3.1.1
63 silly idealTree ├─┬ lodash.values@2.4.1
63 silly idealTree │ └── lodash.keys@2.4.1
63 silly idealTree ├── lodash@4.16.4
63 silly idealTree ├── longest@1.0.1
63 silly idealTree ├── loud-rejection@1.6.0
63 silly idealTree ├── lowercase-keys@1.0.0
63 silly idealTree ├── lru-cache@2.7.3
63 silly idealTree ├── lru-queue@0.1.0
63 silly idealTree ├── mailcomposer@4.0.0
63 silly idealTree ├── make-error-cause@1.2.2
63 silly idealTree ├── make-error@1.2.1
63 silly idealTree ├── map-cache@0.2.2
63 silly idealTree ├── map-obj@1.0.1
63 silly idealTree ├── map-stream@0.1.0
63 silly idealTree ├── media-typer@0.3.0
63 silly idealTree ├── memoizee@0.3.10
63 silly idealTree ├── meow@3.7.0
63 silly idealTree ├── merge-descriptors@1.0.1
63 silly idealTree ├── methods@1.1.2
63 silly idealTree ├── micromatch@2.3.11
63 silly idealTree ├── mime-db@1.24.0
63 silly idealTree ├── mime-types@2.1.12
63 silly idealTree ├── mime@1.3.4
63 silly idealTree ├── mimer@0.2.1
63 silly idealTree ├── minimatch@3.0.3
63 silly idealTree ├── minimist@1.2.0
63 silly idealTree ├── mkdirp@0.3.0
63 silly idealTree ├── moment@2.17.1
63 silly idealTree ├── mongodb-core@2.0.12
63 silly idealTree ├── mongodb@2.2.10
63 silly idealTree ├── mongoose@4.6.4
63 silly idealTree ├── morgan@1.7.0
63 silly idealTree ├── mpath@0.2.1
63 silly idealTree ├── mpromise@0.5.5
63 silly idealTree ├─┬ mquery@2.0.0
63 silly idealTree │ └── sliced@0.0.5
63 silly idealTree ├── ms@0.7.1
63 silly idealTree ├── multipipe@0.1.2
63 silly idealTree ├── muri@1.1.1
63 silly idealTree ├── nan@2.4.0
63 silly idealTree ├── natives@1.1.0
63 silly idealTree ├── negotiator@0.6.1
63 silly idealTree ├── nested-error-stacks@1.0.2
63 silly idealTree ├── next-tick@0.2.2
63 silly idealTree ├─┬ node-gyp@3.4.0
63 silly idealTree │ ├── minimist@0.0.8
63 silly idealTree │ ├── mkdirp@0.5.1
63 silly idealTree │ └── npmlog@3.1.2
63 silly idealTree ├─┬ node-sass@4.0.0
63 silly idealTree │ ├── gaze@1.1.2
63 silly idealTree │ ├── globule@1.1.0
63 silly idealTree │ ├── lodash.assign@4.2.0
63 silly idealTree │ ├── lodash.isarray@4.0.0
63 silly idealTree │ ├── minimist@0.0.8
63 silly idealTree │ └── mkdirp@0.5.1
63 silly idealTree ├── node-uuid@1.4.7
63 silly idealTree ├── nodemailer-direct-transport@3.3.2
63 silly idealTree ├── nodemailer-fetch@1.6.0
63 silly idealTree ├── nodemailer-shared@1.1.0
63 silly idealTree ├── nodemailer-smtp-pool@2.8.2
63 silly idealTree ├── nodemailer-smtp-transport@2.7.2
63 silly idealTree ├── nodemailer-wellknown@0.1.10
63 silly idealTree ├── nodemailer@2.7.0
63 silly idealTree ├── nodemon@1.11.0
63 silly idealTree ├── nopt@3.0.6
63 silly idealTree ├── normalize-package-data@2.3.5
63 silly idealTree ├── normalize-path@2.0.1
63 silly idealTree ├─┬ npmlog@4.0.2
63 silly idealTree │ ├── gauge@2.7.2
63 silly idealTree │ └── supports-color@0.2.0
63 silly idealTree ├── nth-check@1.0.1
63 silly idealTree ├── number-is-nan@1.0.1
63 silly idealTree ├── nwmatcher@1.3.9
63 silly idealTree ├── oauth-sign@0.8.2
63 silly idealTree ├── object-assign@4.1.0
63 silly idealTree ├── object-component@0.0.3
63 silly idealTree ├── object-keys@0.4.0
63 silly idealTree ├── object-path@0.9.2
63 silly idealTree ├── object.omit@2.0.1
63 silly idealTree ├── on-finished@2.3.0
63 silly idealTree ├── on-headers@1.0.1
63 silly idealTree ├── once@1.4.0
63 silly idealTree ├── openurl@1.1.0
63 silly idealTree ├── opn@4.0.2
63 silly idealTree ├─┬ optionator@0.8.2
63 silly idealTree │ └── wordwrap@1.0.0
63 silly idealTree ├── options@0.0.6
63 silly idealTree ├── orchestrator@0.3.8
63 silly idealTree ├── ordered-read-streams@0.1.0
63 silly idealTree ├── os-homedir@1.0.2
63 silly idealTree ├── os-locale@1.4.0
63 silly idealTree ├── os-tmpdir@1.0.2
63 silly idealTree ├── osenv@0.1.3
63 silly idealTree ├── package-json@1.2.0
63 silly idealTree ├── parse-filepath@1.0.1
63 silly idealTree ├── parse-glob@3.0.4
63 silly idealTree ├── parse-json@2.2.0
63 silly idealTree ├── parse-passwd@1.0.0
63 silly idealTree ├── parse5@1.5.1
63 silly idealTree ├── parsejson@0.0.1
63 silly idealTree ├── parseqs@0.0.2
63 silly idealTree ├── parseuri@0.0.4
63 silly idealTree ├── parseurl@1.3.1
63 silly idealTree ├── passport-local-mongoose@4.0.0
63 silly idealTree ├── passport-local@1.0.0
63 silly idealTree ├── passport-strategy@1.0.0
63 silly idealTree ├── passport@0.3.2
63 silly idealTree ├── path-array@1.0.1
63 silly idealTree ├── path-exists@2.1.0
63 silly idealTree ├── path-is-absolute@1.0.1
63 silly idealTree ├── path-root-regex@0.1.2
63 silly idealTree ├── path-root@0.1.1
63 silly idealTree ├── path-to-regexp@0.1.7
63 silly idealTree ├── path-type@1.1.0
63 silly idealTree ├── pause-stream@0.0.11
63 silly idealTree ├── pause@0.0.1
63 silly idealTree ├── pify@2.3.0
63 silly idealTree ├── pinkie-promise@2.0.1
63 silly idealTree ├── pinkie@2.0.4
63 silly idealTree ├─┬ portscanner@1.2.0
63 silly idealTree │ └── async@1.5.2
63 silly idealTree ├── prelude-ls@1.1.2
63 silly idealTree ├── prepend-http@1.0.4
63 silly idealTree ├── preserve@0.2.0
63 silly idealTree ├── pretty-hrtime@1.0.3
63 silly idealTree ├── process-nextick-args@1.0.7
63 silly idealTree ├── proxy-addr@1.1.2
63 silly idealTree ├── ps-tree@1.1.0
63 silly idealTree ├── pseudomap@1.0.2
63 silly idealTree ├── punycode@2.0.1
63 silly idealTree ├── qs@6.2.0
63 silly idealTree ├── random-bytes@1.0.0
63 silly idealTree ├── randomatic@1.1.6
63 silly idealTree ├── range-parser@1.2.0
63 silly idealTree ├── raw-body@2.1.7
63 silly idealTree ├── rc@1.1.6
63 silly idealTree ├── read-all-stream@3.1.0
63 silly idealTree ├── read-pkg-up@1.0.1
63 silly idealTree ├── read-pkg@1.1.0
63 silly idealTree ├── readable-stream@2.1.5
63 silly idealTree ├── readdirp@2.1.0
63 silly idealTree ├── rechoir@0.6.2
63 silly idealTree ├── redent@1.0.0
63 silly idealTree ├── regex-cache@0.4.3
63 silly idealTree ├── regexp-clone@0.0.1
63 silly idealTree ├── registry-url@3.1.0
63 silly idealTree ├── remove-trailing-separator@1.0.1
63 silly idealTree ├── repeat-element@1.1.2
63 silly idealTree ├── repeat-string@1.6.1
63 silly idealTree ├── repeating@2.0.1
63 silly idealTree ├── replace-ext@0.0.1
63 silly idealTree ├─┬ request@2.65.0
63 silly idealTree │ └── qs@5.2.1
63 silly idealTree ├── require_optional@1.0.0
63 silly idealTree ├── require-directory@2.1.1
63 silly idealTree ├── require-main-filename@1.0.1
63 silly idealTree ├── requires-port@1.0.0
63 silly idealTree ├── resolve-dir@0.1.1
63 silly idealTree ├── resolve-from@2.0.0
63 silly idealTree ├── resolve@1.1.7
63 silly idealTree ├── resp-modifier@6.0.2
63 silly idealTree ├── right-align@0.1.3
63 silly idealTree ├── rimraf@2.5.4
63 silly idealTree ├── rx@4.1.0
63 silly idealTree ├─┬ sass-graph@2.1.2
63 silly idealTree │ ├── camelcase@3.0.0
63 silly idealTree │ ├── lodash.assign@4.2.0
63 silly idealTree │ ├── window-size@0.2.0
63 silly idealTree │ ├── yargs-parser@2.4.1
63 silly idealTree │ └── yargs@4.8.1
63 silly idealTree ├── sax@1.2.1
63 silly idealTree ├── scmp@1.0.0
63 silly idealTree ├── semver-diff@2.1.0
63 silly idealTree ├── semver@5.3.0
63 silly idealTree ├── send@0.14.1
63 silly idealTree ├── sequencify@0.0.7
63 silly idealTree ├── serve-index@1.8.0
63 silly idealTree ├── serve-static@1.11.1
63 silly idealTree ├── server-destroy@1.0.1
63 silly idealTree ├── set-blocking@2.0.0
63 silly idealTree ├── set-immediate-shim@1.0.1
63 silly idealTree ├── setprototypeof@1.0.1
63 silly idealTree ├── sigmund@1.0.1
63 silly idealTree ├── signal-exit@3.0.2
63 silly idealTree ├── sliced@1.0.1
63 silly idealTree ├── slick@1.12.2
63 silly idealTree ├── slide@1.1.6
63 silly idealTree ├── smart-buffer@1.0.11
63 silly idealTree ├── smtp-connection@2.12.0
63 silly idealTree ├── sntp@1.0.9
63 silly idealTree ├─┬ socket.io-adapter@0.4.0
63 silly idealTree │ ├── isarray@0.0.1
63 silly idealTree │ └─┬ socket.io-parser@2.2.2
63 silly idealTree │   └── debug@0.7.4
63 silly idealTree ├─┬ socket.io-client@1.5.0
63 silly idealTree │ └── component-emitter@1.2.0
63 silly idealTree ├─┬ socket.io-parser@2.2.6
63 silly idealTree │ ├── isarray@0.0.1
63 silly idealTree │ └── json3@3.3.2
63 silly idealTree ├── socket.io@1.5.0
63 silly idealTree ├── socks@1.1.9
63 silly idealTree ├── source-map@0.5.6
63 silly idealTree ├── sparkles@1.0.0
63 silly idealTree ├── spdx-correct@1.0.2
63 silly idealTree ├── spdx-expression-parse@1.0.4
63 silly idealTree ├── spdx-license-ids@1.2.2
63 silly idealTree ├── split@0.3.3
63 silly idealTree ├── statuses@1.3.0
63 silly idealTree ├── stream-combiner@0.0.4
63 silly idealTree ├── stream-consume@0.1.0
63 silly idealTree ├── stream-shift@1.0.0
63 silly idealTree ├── stream-throttle@0.1.3
63 silly idealTree ├── string_decoder@0.10.31
63 silly idealTree ├── string-length@1.0.1
63 silly idealTree ├── string-width@1.0.2
63 silly idealTree ├── stringstream@0.0.5
63 silly idealTree ├── strip-ansi@3.0.1
63 silly idealTree ├── strip-bom@2.0.0
63 silly idealTree ├── strip-indent@1.0.1
63 silly idealTree ├── strip-json-comments@1.0.4
63 silly idealTree ├── supports-color@2.0.0
63 silly idealTree ├── symbol-tree@3.2.0
63 silly idealTree ├── tar@2.2.1
63 silly idealTree ├── templayed@0.2.3
63 silly idealTree ├── tfunk@3.0.2
63 silly idealTree ├── through@2.3.8
63 silly idealTree ├── through2@2.0.3
63 silly idealTree ├── tildify@1.2.0
63 silly idealTree ├── time-stamp@1.0.1
63 silly idealTree ├── timed-out@2.0.0
63 silly idealTree ├── timers-ext@0.1.0
63 silly idealTree ├── to-array@0.1.4
63 silly idealTree ├─┬ touch@1.0.0
63 silly idealTree │ └── nopt@1.0.10
63 silly idealTree ├── tough-cookie@2.2.2
63 silly idealTree ├── tr46@0.0.3
63 silly idealTree ├── trim-newlines@1.0.0
63 silly idealTree ├── tunnel-agent@0.4.3
63 silly idealTree ├── type-check@0.3.2
63 silly idealTree ├── type-is@1.6.13
63 silly idealTree ├── ua-parser-js@0.7.10
63 silly idealTree ├─┬ uglify-js@2.7.0
63 silly idealTree │ ├── async@0.2.10
63 silly idealTree │ ├── cliui@2.1.0
63 silly idealTree │ ├── window-size@0.1.0
63 silly idealTree │ └── yargs@3.10.0
63 silly idealTree ├── uglify-save-license@0.4.1
63 silly idealTree ├── uglify-to-browserify@1.0.2
63 silly idealTree ├── uglifycss@0.0.25
63 silly idealTree ├── uid-safe@2.1.2
63 silly idealTree ├── ultron@1.0.2
63 silly idealTree ├── unc-path-regex@0.1.2
63 silly idealTree ├── undefsafe@0.0.3
63 silly idealTree ├── underscore@1.7.0
63 silly idealTree ├── unique-stream@1.0.0
63 silly idealTree ├── unpipe@1.0.0
63 silly idealTree ├─┬ update-notifier@0.5.0
63 silly idealTree │ └── repeating@1.1.3
63 silly idealTree ├── user-home@1.1.1
63 silly idealTree ├── util-deprecate@1.0.2
63 silly idealTree ├── utils-merge@1.0.0
63 silly idealTree ├── uuid@2.0.3
63 silly idealTree ├── v8flags@2.0.11
63 silly idealTree ├── validate-npm-package-license@3.0.1
63 silly idealTree ├── vary@1.1.0
63 silly idealTree ├─┬ vinyl-fs@0.3.14
63 silly idealTree │ ├── clone@0.2.0
63 silly idealTree │ ├── graceful-fs@3.0.11
63 silly idealTree │ ├── isarray@0.0.1
63 silly idealTree │ ├── minimist@0.0.8
63 silly idealTree │ ├── mkdirp@0.5.1
63 silly idealTree │ ├── readable-stream@1.0.34
63 silly idealTree │ ├── strip-bom@1.0.0
63 silly idealTree │ ├── through2@0.6.5
63 silly idealTree │ └── vinyl@0.4.6
63 silly idealTree ├── vinyl-sourcemaps-apply@0.2.1
63 silly idealTree ├── vinyl@0.5.3
63 silly idealTree ├─┬ web-resource-inliner@2.0.0
63 silly idealTree │ ├── async@0.9.2
63 silly idealTree │ ├── htmlparser2@3.9.2
63 silly idealTree │ └── lodash@3.10.1
63 silly idealTree ├── webidl-conversions@2.0.1
63 silly idealTree ├─┬ weinre@2.0.0-pre-I0Z7U9OV
63 silly idealTree │ ├── connect@1.9.2
63 silly idealTree │ ├── express@2.5.11
63 silly idealTree │ ├── mime@1.2.4
63 silly idealTree │ └── qs@0.4.2
63 silly idealTree ├── whatwg-url-compat@0.6.5
63 silly idealTree ├── which-module@1.0.0
63 silly idealTree ├── which@1.2.12
63 silly idealTree ├── wide-align@1.1.0
63 silly idealTree ├── window-size@0.1.4
63 silly idealTree ├── wordwrap@0.0.2
63 silly idealTree ├── wrap-ansi@2.1.0
63 silly idealTree ├── wrappy@1.0.2
63 silly idealTree ├── write-file-atomic@1.2.0
63 silly idealTree ├── ws@1.1.1
63 silly idealTree ├── wtf-8@1.0.0
63 silly idealTree ├── xdg-basedir@2.0.0
63 silly idealTree ├── xml-name-validator@2.0.1
63 silly idealTree ├── xmlhttprequest-ssl@1.5.1
63 silly idealTree ├── xtend@4.0.1
63 silly idealTree ├── y18n@3.2.1
63 silly idealTree ├── yallist@2.0.0
63 silly idealTree ├─┬ yargs-parser@4.2.0
63 silly idealTree │ └── camelcase@3.0.0
63 silly idealTree ├─┬ yargs@6.0.0
63 silly idealTree │ └── window-size@0.2.0
63 silly idealTree └── yeast@0.1.2
64 silly generateActionsToTake Starting
65 silly install generateActionsToTake
66 silly generateActionsToTake Finishing
67 silly diffTrees action count 1
68 silly diffTrees add canvas@1.6.2
69 silly decomposeActions action count 8
70 silly decomposeActions fetch canvas@1.6.2
71 silly decomposeActions extract canvas@1.6.2
72 silly decomposeActions test canvas@1.6.2
73 silly decomposeActions preinstall canvas@1.6.2
74 silly decomposeActions build canvas@1.6.2
75 silly decomposeActions install canvas@1.6.2
76 silly decomposeActions postinstall canvas@1.6.2
77 silly decomposeActions finalize canvas@1.6.2
78 silly executeActions Starting
79 silly install executeActions
80 silly doSerial global-install 0
81 silly doParallel fetch 1
82 verbose correctMkdir /Users/alexkarevoll/.npm/_locks correctMkdir not in flight; initializing
83 verbose lock using /Users/alexkarevoll/.npm/_locks/staging-84df7ece71fc4584.lock for /Users/alexkarevoll/WebDev/myproducer/node_modules/.staging
84 silly doParallel extract 1
85 silly extract canvas@1.6.2
86 verbose unbuild node_modules/.staging/canvas-45e27261
87 silly gentlyRm /Users/alexkarevoll/WebDev/myproducer/node_modules/.staging/canvas-45e27261 is being purged from base /Users/alexkarevoll/WebDev/myproducer
88 verbose gentlyRm don't care about contents; nuking /Users/alexkarevoll/WebDev/myproducer/node_modules/.staging/canvas-45e27261
89 verbose tar unpack /Users/alexkarevoll/.npm/canvas/1.6.2/package.tgz
90 verbose tar unpacking to /Users/alexkarevoll/WebDev/myproducer/node_modules/.staging/canvas-45e27261
91 silly gentlyRm /Users/alexkarevoll/WebDev/myproducer/node_modules/.staging/canvas-45e27261 is being purged
92 verbose gentlyRm don't care about contents; nuking /Users/alexkarevoll/WebDev/myproducer/node_modules/.staging/canvas-45e27261
93 silly gunzTarPerm modes [ '755', '644' ]
94 silly gunzTarPerm extractEntry package.json
95 silly gunzTarPerm extractEntry .npmignore
96 silly gunzTarPerm extractEntry index.js
97 silly gunzTarPerm extractEntry .travis.yml
98 silly gunzTarPerm extractEntry History.md
99 silly gunzTarPerm extractEntry Readme.md
100 silly gunzTarPerm extractEntry binding.gyp
101 silly gunzTarPerm extractEntry .github/ISSUE_TEMPLATE.md
102 silly gunzTarPerm extractEntry lib/bindings.js
103 silly gunzTarPerm extractEntry lib/canvas.js
104 silly gunzTarPerm extractEntry lib/context2d.js
105 silly gunzTarPerm extractEntry lib/image.js
106 silly gunzTarPerm extractEntry lib/jpegstream.js
107 silly gunzTarPerm extractEntry lib/pdfstream.js
108 silly gunzTarPerm extractEntry lib/pngstream.js
109 silly gunzTarPerm extractEntry src/Image.cc
110 silly gunzTarPerm extractEntry src/Canvas.cc
111 silly gunzTarPerm extractEntry src/CanvasGradient.cc
112 silly gunzTarPerm extractEntry src/CanvasGradient.h
113 silly gunzTarPerm extractEntry src/CanvasPattern.cc
114 silly gunzTarPerm extractEntry src/CanvasPattern.h
115 silly gunzTarPerm extractEntry src/CanvasRenderingContext2d.cc
116 silly gunzTarPerm extractEntry src/CanvasRenderingContext2d.h
117 silly gunzTarPerm extractEntry src/FontFace.cc
118 silly gunzTarPerm extractEntry src/FontFace.h
119 silly gunzTarPerm extractEntry src/Canvas.h
120 silly gunzTarPerm extractEntry src/Image.h
121 silly gunzTarPerm extractEntry src/ImageData.cc
122 silly gunzTarPerm extractEntry src/ImageData.h
123 silly gunzTarPerm extractEntry src/JPEGStream.h
124 silly gunzTarPerm extractEntry src/PNG.h
125 silly gunzTarPerm extractEntry src/Point.h
126 silly gunzTarPerm extractEntry src/closure.h
127 silly gunzTarPerm extractEntry src/color.cc
128 silly gunzTarPerm extractEntry src/color.h
129 silly gunzTarPerm extractEntry src/init.cc
130 silly gunzTarPerm extractEntry util/has_lib.sh
131 silly gentlyRm /Users/alexkarevoll/WebDev/myproducer/node_modules/.staging/canvas-45e27261/node_modules is being purged
132 verbose gentlyRm don't care about contents; nuking /Users/alexkarevoll/WebDev/myproducer/node_modules/.staging/canvas-45e27261/node_modules
133 silly doParallel preinstall 1
134 silly preinstall canvas@1.6.2 /Users/alexkarevoll/WebDev/myproducer/node_modules/.staging/canvas-45e27261
135 info lifecycle canvas@1.6.2~preinstall: canvas@1.6.2
136 silly lifecycle canvas@1.6.2~preinstall: no script for preinstall, continuing
137 silly doReverseSerial remove 0
138 silly doSerial move 0
139 silly doSerial finalize 1
140 silly finalize /Users/alexkarevoll/WebDev/myproducer/node_modules/canvas
141 silly doSerial build 1
142 silly build canvas@1.6.2
143 info linkStuff canvas@1.6.2
144 silly linkStuff canvas@1.6.2 has /Users/alexkarevoll/WebDev/myproducer/node_modules as its parent node_modules
145 verbose linkBins canvas@1.6.2
146 verbose linkMans canvas@1.6.2
147 silly doSerial global-link 0
148 silly doParallel update-linked 0
149 silly doSerial install 1
150 silly install canvas@1.6.2 /Users/alexkarevoll/WebDev/myproducer/node_modules/.staging/canvas-45e27261
151 info lifecycle canvas@1.6.2~install: canvas@1.6.2
152 verbose lifecycle canvas@1.6.2~install: unsafe-perm in lifecycle true
153 verbose lifecycle canvas@1.6.2~install: PATH: /usr/local/lib/node_modules/npm/bin/node-gyp-bin:/Users/alexkarevoll/WebDev/myproducer/node_modules/canvas/node_modules/.bin:/Users/alexkarevoll/WebDev/myproducer/node_modules/.bin:/usr/local/Cellar/node/6.3.1/bin:/Users/alexkarevoll/.rbenv/shims:/Users/alexkarevoll/.rbenv/shims:/usr/local/bin:/usr/bin:/bin:/usr/sbin:/sbin
154 verbose lifecycle canvas@1.6.2~install: CWD: /Users/alexkarevoll/WebDev/myproducer/node_modules/canvas
155 silly lifecycle canvas@1.6.2~install: Args: [ '-c', 'node-gyp rebuild' ]
156 silly lifecycle canvas@1.6.2~install: Returned: code: 1  signal: null
157 info lifecycle canvas@1.6.2~install: Failed to exec install script
158 verbose unlock done using /Users/alexkarevoll/.npm/_locks/staging-84df7ece71fc4584.lock for /Users/alexkarevoll/WebDev/myproducer/node_modules/.staging
159 silly rollbackFailedOptional Starting
160 silly rollbackFailedOptional Finishing
161 silly runTopLevelLifecycles Starting
162 silly runTopLevelLifecycles Finishing
163 silly install printInstalled
164 warn myproducer@ No description
165 warn myproducer@ No repository field.
166 warn myproducer@ No license field.
167 verbose stack Error: canvas@1.6.2 install: `node-gyp rebuild`
167 verbose stack Exit status 1
167 verbose stack     at EventEmitter.<anonymous> (/usr/local/lib/node_modules/npm/lib/utils/lifecycle.js:242:16)
167 verbose stack     at emitTwo (events.js:106:13)
167 verbose stack     at EventEmitter.emit (events.js:191:7)
167 verbose stack     at ChildProcess.<anonymous> (/usr/local/lib/node_modules/npm/lib/utils/spawn.js:40:14)
167 verbose stack     at emitTwo (events.js:106:13)
167 verbose stack     at ChildProcess.emit (events.js:191:7)
167 verbose stack     at maybeClose (internal/child_process.js:852:16)
167 verbose stack     at Process.ChildProcess._handle.onexit (internal/child_process.js:215:5)
168 verbose pkgid canvas@1.6.2
169 verbose cwd /Users/alexkarevoll/WebDev/myproducer
170 error Darwin 16.3.0
171 error argv "/usr/local/Cellar/node/6.3.1/bin/node" "/usr/local/bin/npm" "install" "canvas"
172 error node v6.3.1
173 error npm  v3.10.3
174 error code ELIFECYCLE
175 error canvas@1.6.2 install: `node-gyp rebuild`
175 error Exit status 1
176 error Failed at the canvas@1.6.2 install script 'node-gyp rebuild'.
176 error Make sure you have the latest version of node.js and npm installed.
176 error If you do, this is most likely a problem with the canvas package,
176 error not with npm itself.
176 error Tell the author that this fails on your system:
176 error     node-gyp rebuild
176 error You can get information on how to open an issue for this project with:
176 error     npm bugs canvas
176 error Or if that isn't available, you can get their info via:
176 error     npm owner ls canvas
176 error There is likely additional logging output above.
177 verbose exit [ 1, true ]
